DEBUG:urllib3.connectionpool:Starting new HTTPS connection (1): www.crummy.com:443
DEBUG:urllib3.connectionpool:https://www.crummy.com:443 "GET /software/BeautifulSoup/ HTTP/1.1" 200 3969
DEBUG:urllib3.connectionpool:Starting new HTTPS connection (1): www.crummy.com:443
DEBUG:urllib3.connectionpool:https://www.crummy.com:443 "GET /software/BeautifulSoup/ HTTP/1.1" 200 3969
INFO:root:2019-03-24 10:52:33.865572 :> Getting all the links for https://www.crummy.com/software/BeautifulSoup/
INFO:root:2019-03-24 10:52:33.866571 :> Found link: bs4/download/
INFO:root:2019-03-24 10:52:33.867570 :> Found link: #Download
INFO:root:2019-03-24 10:52:33.868242 :> Found link: bs4/doc/
INFO:root:2019-03-24 10:52:33.868242 :> Found link: #HallOfFame
INFO:root:2019-03-24 10:52:33.868242 :> Found link: https://code.launchpad.net/beautifulsoup
INFO:root:2019-03-24 10:52:33.868242 :> Found link: https://bazaar.launchpad.net/%7Eleonardr/beautifulsoup/bs4/view/head:/CHANGELOG
INFO:root:2019-03-24 10:52:33.869247 :> Found link: https://groups.google.com/forum/?fromgroups#!forum/beautifulsoup
INFO:root:2019-03-24 10:52:33.869247 :> Found link: zine/
INFO:root:2019-03-24 10:52:33.869247 :> Found link: https://tidelift.com/subscription/pkg/pypi-beautifulsoup4?utm_source=pypi-beautifulsoup4&utm_medium=referral&utm_campaign=website
INFO:root:2019-03-24 10:52:33.869247 :> Found link: zine/
INFO:root:2019-03-24 10:52:33.869247 :> Found link: https://groups.google.com/forum/?fromgroups#!forum/beautifulsoup
INFO:root:2019-03-24 10:52:33.870246 :> Found link: https://bugs.launchpad.net/beautifulsoup/
INFO:root:2019-03-24 10:52:33.870246 :> Found link: http://lxml.de/
INFO:root:2019-03-24 10:52:33.870246 :> Found link: http://code.google.com/p/html5lib/
INFO:root:2019-03-24 10:52:33.870246 :> Found link: bs4/doc/
WARNING:root:2019-03-24 10:52:33.870246 :> Non Type found
INFO:root:2019-03-24 10:52:33.871246 :> Found link: bs4/download/
INFO:root:2019-03-24 10:52:33.871246 :> Found link: http://www.crummy.com/software/BeautifulSoup/bs3/documentation.html
INFO:root:2019-03-24 10:52:33.871246 :> Found link: download/3.x/BeautifulSoup-3.2.1.tar.gz
WARNING:root:2019-03-24 10:52:33.871246 :> Non Type found
INFO:root:2019-03-24 10:52:33.871246 :> Found link: http://www.nytimes.com/2007/10/25/arts/design/25vide.html
INFO:root:2019-03-24 10:52:33.872245 :> Found link: https://github.com/reddit/reddit/blob/85f9cff3e2ab9bb8f19b96acd8da4ebacc079f04/r2/r2/lib/media.py
INFO:root:2019-03-24 10:52:33.872245 :> Found link: http://www.harrowell.org.uk/viktormap.html
INFO:root:2019-03-24 10:52:33.872245 :> Found link: http://svn.python.org/view/tracker/importer/
INFO:root:2019-03-24 10:52:33.872245 :> Found link: http://www2.ljworld.com/
INFO:root:2019-03-24 10:52:33.872245 :> Found link: http://www.b-list.org/weblog/2010/nov/02/news-done-broke/
INFO:root:2019-03-24 10:52:33.873244 :> Found link: http://esrl.noaa.gov/gsd/fab/
INFO:root:2019-03-24 10:52:33.873244 :> Found link: http://laps.noaa.gov/topograbber/
INFO:root:2019-03-24 10:52:33.874246 :> Found link: http://groups.google.com/group/beautifulsoup/
INFO:root:2019-03-24 10:52:33.874246 :> Found link: https://launchpad.net/beautifulsoup
INFO:root:2019-03-24 10:52:33.874246 :> Found link: https://code.launchpad.net/beautifulsoup/
INFO:root:2019-03-24 10:52:33.875245 :> Found link: https://bugs.launchpad.net/beautifulsoup/
INFO:root:2019-03-24 10:52:33.875245 :> Found link: /source/software/BeautifulSoup/index.bhtml
INFO:root:2019-03-24 10:52:33.875245 :> Found link: /self/
INFO:root:2019-03-24 10:52:33.875245 :> Found link: /self/contact.html
INFO:root:2019-03-24 10:52:33.876244 :> Found link: http://creativecommons.org/licenses/by-sa/2.0/
INFO:root:2019-03-24 10:52:33.876244 :> Found link: http://creativecommons.org/licenses/by-sa/2.0/
INFO:root:2019-03-24 10:52:33.876244 :> Found link: http://www.crummy.com/
INFO:root:2019-03-24 10:52:33.877243 :> Found link: http://www.crummy.com/software/
INFO:root:2019-03-24 10:52:33.877243 :> Found link: http://www.crummy.com/software/BeautifulSoup/
INFO:root:2019-03-24 10:52:33.877243 :> Link converted to https://www.crummy.com/source/software/BeautifulSoup/index.bhtml
INFO:root:2019-03-24 10:52:33.878243 :> Link converted to https://www.crummy.com/self/
INFO:root:2019-03-24 10:52:33.878243 :> Link converted to https://www.crummy.com/self/contact.html
INFO:root:2019-03-24 10:52:33.878243 :> Discarding internal links
INFO:root:2019-03-24 10:52:33.878243 :> Link: bs4/download/ is not a valid link, it will be deleted
INFO:root:2019-03-24 10:52:33.878243 :> Link: bs4/doc/ is not a valid link, it will be deleted
INFO:root:2019-03-24 10:52:33.879241 :> Link: zine/ is not a valid link, it will be deleted
INFO:root:2019-03-24 10:52:33.879241 :> Link: zine/ is not a valid link, it will be deleted
INFO:root:2019-03-24 10:52:33.879241 :> Link: bs4/doc/ is not a valid link, it will be deleted
INFO:root:2019-03-24 10:52:33.879241 :> Link: bs4/download/ is not a valid link, it will be deleted
INFO:root:2019-03-24 10:52:33.879241 :> Link: download/3.x/BeautifulSoup-3.2.1.tar.gz is not a valid link, it will be deleted
INFO:root:2019-03-24 10:52:33.879241 :> Link: /source/software/BeautifulSoup/index.bhtml is not a valid link, it will be deleted
INFO:root:2019-03-24 10:52:33.879241 :> Link: /self/ is not a valid link, it will be deleted
INFO:root:2019-03-24 10:52:33.879241 :> Link: /self/contact.html is not a valid link, it will be deleted
DEBUG:urllib3.connectionpool:Starting new HTTP connection (1): www.harrowell.org.uk:80
DEBUG:urllib3.connectionpool:http://www.harrowell.org.uk:80 "GET /viktormap.html HTTP/1.1" 200 1287
INFO:root:2019-03-24 10:52:34.732893 :> Getting all the links for http://www.harrowell.org.uk/viktormap.html
INFO:root:2019-03-24 10:52:34.732893 :> Found link: http://yorksranter.wordpress.com/2008/07/06/the-viktorfeed-documentation/
INFO:root:2019-03-24 10:52:34.732893 :> Found link: http://www.harrowell.org.uk/viktorfeed.xml
INFO:root:2019-03-24 10:52:34.732893 :> Found link: http://en.wikipedia.org/wiki/DAFIF
INFO:root:2019-03-24 10:52:34.733893 :> Discarding internal links
DEBUG:urllib3.connectionpool:Starting new HTTP connection (1): svn.python.org:80
DEBUG:urllib3.connectionpool:http://svn.python.org:80 "GET /view/tracker/importer/ HTTP/1.1" 404 286
INFO:root:2019-03-24 10:52:35.430072 :> Getting all the links for http://svn.python.org/view/tracker/importer/
INFO:root:2019-03-24 10:52:35.430072 :> Discarding internal links
DEBUG:urllib3.connectionpool:Starting new HTTP connection (1): www2.ljworld.com:80
DEBUG:urllib3.connectionpool:http://www2.ljworld.com:80 "GET / HTTP/1.1" 200 19003
INFO:root:2019-03-24 10:52:36.289371 :> Getting all the links for http://www2.ljworld.com/
INFO:root:2019-03-24 10:52:36.290371 :> Found link: /newslink/
INFO:root:2019-03-24 10:52:36.291370 :> Found link: http://www2.ljworld.com/
INFO:root:2019-03-24 10:52:36.291370 :> Found link: http://www2.ljworld.com/news/
INFO:root:2019-03-24 10:52:36.291370 :> Found link: http://www2.ljworld.com/sports/
INFO:root:2019-03-24 10:52:36.291370 :> Found link: http://www2.ljworld.com/opinion/
INFO:root:2019-03-24 10:52:36.291370 :> Found link: http://www2.ljworld.com/living/
INFO:root:2019-03-24 10:52:36.291370 :> Found link: http://obituaries.ljworld.com/obituaries/ljworld/
INFO:root:2019-03-24 10:52:36.291370 :> Found link: https://jobs.lawrence.com/
INFO:root:2019-03-24 10:52:36.291370 :> Found link: http://classifieds.lawrence.com/
INFO:root:2019-03-24 10:52:36.291370 :> Found link: http://www2.ljworld.com/contact-us/
INFO:root:2019-03-24 10:52:36.291370 :> Found link: https://twitter.com/ljworld
INFO:root:2019-03-24 10:52:36.291370 :> Found link: https://www.facebook.com/LJWorld
INFO:root:2019-03-24 10:52:36.292371 :> Found link: #
INFO:root:2019-03-24 10:52:36.292371 :> Found link: /subscribe/
INFO:root:2019-03-24 10:52:36.292371 :> Found link: http://www2.ljworld.com/
INFO:root:2019-03-24 10:52:36.292371 :> Found link: https://www.mynewsonthego.com/ljw/
INFO:root:2019-03-24 10:52:36.292371 :> Found link: /submit-news/
INFO:root:2019-03-24 10:52:36.292371 :> Found link: /subscribe/
INFO:root:2019-03-24 10:52:36.292371 :> Found link: http://www2.ljworld.com/sports/2019/mar/23/kansas-suffers-89-75-season-ending-loss-to-auburn-in-round-of-32/
INFO:root:2019-03-24 10:52:36.293371 :> Found link: http://www2.ljworld.com/sports/2019/mar/23/kansas-suffers-89-75-season-ending-loss-to-auburn-in-round-of-32/
INFO:root:2019-03-24 10:52:36.293371 :> Found link: /news/
INFO:root:2019-03-24 10:52:36.293371 :> Found link: http://www2.ljworld.com/contact-us/
INFO:root:2019-03-24 10:52:36.293371 :> Found link: http://www2.ljworld.com/customer-service/
INFO:root:2019-03-24 10:52:36.293371 :> Found link: http://www2.ljworld.com/submit-newspaper-vacation-hold/
INFO:root:2019-03-24 10:52:36.293371 :> Found link: http://www2.ljworld.com/submit-news/
INFO:root:2019-03-24 10:52:36.293371 :> Found link: http://www2.ljworld.com/submit-letter-to-the-editor/
INFO:root:2019-03-24 10:52:36.293371 :> Found link: http://www2.ljworld.com/submit-an-obituary/
INFO:root:2019-03-24 10:52:36.293371 :> Found link: http://www2.ljworld.com/submit-a-legal-notice/
INFO:root:2019-03-24 10:52:36.293371 :> Found link: http://www2.ljworld.com/advertise/
INFO:root:2019-03-24 10:52:36.293371 :> Found link: https://classifieds.lawrence.com/
INFO:root:2019-03-24 10:52:36.294370 :> Found link: https://jobs.lawrence.com/
INFO:root:2019-03-24 10:52:36.294370 :> Found link: /news/
INFO:root:2019-03-24 10:52:36.294370 :> Found link: http://www2.ljworld.com/news/public-safety/2019/mar/24/38-years-after-violent-attack-on-ku-campus-woman-still-fighting-rapists-parole/
INFO:root:2019-03-24 10:52:36.294370 :> Found link: http://www2.ljworld.com/news/public-safety/2019/mar/24/38-years-after-violent-attack-on-ku-campus-woman-still-fighting-rapists-parole/
INFO:root:2019-03-24 10:52:36.294370 :> Found link: http://www2.ljworld.com/news/schools/2019/mar/20/lawrence-high-schools-days-to-start-earlier-end-later-to-make-up-for-inclement-weather-days/
INFO:root:2019-03-24 10:52:36.294370 :> Found link: http://www2.ljworld.com/news/city-government/2019/mar/20/city-leaders-approve-250k-for-study-to-improve-lawrence-stoplight-timing/
INFO:root:2019-03-24 10:52:36.294370 :> Found link: http://www2.ljworld.com/news/city-government/2019/mar/19/lawrence-city-commission-votes-to-lower-fine-for-marijuana-possession-to-1/
INFO:root:2019-03-24 10:52:36.294370 :> Found link: /news/
INFO:root:2019-03-24 10:52:36.294370 :> Found link: /sports/
INFO:root:2019-03-24 10:52:36.294370 :> Found link: http://www2.ljworld.com/sports/2019/mar/23/notebook-ku-coach-bill-self-on-season-im-really-proud-of-our-guys/
INFO:root:2019-03-24 10:52:36.294370 :> Found link: http://www2.ljworld.com/sports/2019/mar/23/notebook-ku-coach-bill-self-on-season-im-really-proud-of-our-guys/
INFO:root:2019-03-24 10:52:36.294370 :> Found link: http://www2.ljworld.com/weblogs/tale-tait/2019/mar/24/saturdays-2nd-half-was-all-about-pride-b/
INFO:root:2019-03-24 10:52:36.294370 :> Found link: http://www2.ljworld.com/sports/2019/mar/24/ku-baseball-handed-4-3-defeat-by-oklahoma/
INFO:root:2019-03-24 10:52:36.295370 :> Found link: http://www2.ljworld.com/sports/2019/mar/23/no-miracle-march-run-for-dedric-lawson-and-jayhawks/
INFO:root:2019-03-24 10:52:36.295370 :> Found link: /sports/
INFO:root:2019-03-24 10:52:36.295370 :> Found link: http://www2.ljworld.com/weblogs/town_talk/
INFO:root:2019-03-24 10:52:36.295370 :> Found link: http://www2.ljworld.com/weblogs/town_talk/2019/mar/22/for-mcdonalds-owner-cup-of-coffee-led-to-new-lawrence-car-wash-business/
INFO:root:2019-03-24 10:52:36.295370 :> Found link: http://www2.ljworld.com/weblogs/town_talk/2019/mar/22/for-mcdonalds-owner-cup-of-coffee-led-to-new-lawrence-car-wash-business/
INFO:root:2019-03-24 10:52:36.295370 :> Found link: http://www2.ljworld.com/weblogs/town_talk/2019/mar/21/local-home-sales-show-signs-of-a-slowdown-new-report-shows-difference-in-home-prices-between-lawrence-baldwin-eudora/
INFO:root:2019-03-24 10:52:36.295370 :> Found link: http://www2.ljworld.com/weblogs/town_talk/2019/mar/20/caseys-general-store-files-plans-for-second-lawrence-location/
INFO:root:2019-03-24 10:52:36.295370 :> Found link: http://www2.ljworld.com/weblogs/town_talk/2019/mar/19/east-lawrence-brewery-plans-to-open-new-location-in-west-lawrence-projected-opening-date-for-field-ivy-brewery/
INFO:root:2019-03-24 10:52:36.295370 :> Found link: http://www2.ljworld.com/weblogs/town_talk/
INFO:root:2019-03-24 10:52:36.295370 :> Found link: http://www2.ljworld.com/news/public-safety/
INFO:root:2019-03-24 10:52:36.295370 :> Found link: http://www2.ljworld.com/news/public-safety/2019/mar/22/affidavit-woman-said-friend-assaulted-her-in-lawrence-bar-raped-her-at-lake/
INFO:root:2019-03-24 10:52:36.295370 :> Found link: http://www2.ljworld.com/news/public-safety/2019/mar/22/affidavit-woman-said-friend-assaulted-her-in-lawrence-bar-raped-her-at-lake/
INFO:root:2019-03-24 10:52:36.296369 :> Found link: http://www2.ljworld.com/news/public-safety/2019/mar/24/three-injured-in-massachusetts-street-rollover-crash/
INFO:root:2019-03-24 10:52:36.296369 :> Found link: http://www2.ljworld.com/news/public-safety/2019/mar/24/38-years-after-violent-attack-on-ku-campus-woman-still-fighting-rapists-parole/
INFO:root:2019-03-24 10:52:36.296369 :> Found link: http://www2.ljworld.com/news/public-safety/
INFO:root:2019-03-24 10:52:36.296369 :> Found link: http://www2.ljworld.com/news/city-government/
INFO:root:2019-03-24 10:52:36.296369 :> Found link: http://www2.ljworld.com/news/city-government/2019/mar/24/city-leaders-delay-review-of-some-airbnb-permits-pending-taxation-and-affordable-housing-concerns/
INFO:root:2019-03-24 10:52:36.296369 :> Found link: http://www2.ljworld.com/news/city-government/2019/mar/24/city-leaders-delay-review-of-some-airbnb-permits-pending-taxation-and-affordable-housing-concerns/
INFO:root:2019-03-24 10:52:36.296369 :> Found link: http://www2.ljworld.com/news/city-government/2019/mar/22/after-delays-reconstruction-of-kasold-drive-now-expected-to-be-complete-in-may/
INFO:root:2019-03-24 10:52:36.296369 :> Found link: http://www2.ljworld.com/news/city-government/2019/mar/21/historic-preservation-board-says-proposed-apartment-project-inappropriate-for-downtown/
INFO:root:2019-03-24 10:52:36.296369 :> Found link: http://www2.ljworld.com/news/city-government/
INFO:root:2019-03-24 10:52:36.296369 :> Found link: http://www2.ljworld.com/news/state-region/
INFO:root:2019-03-24 10:52:36.296369 :> Found link: http://www2.ljworld.com/news/state-government/2019/mar/21/medicaid-expansion-plan-clears-kansas-house/
INFO:root:2019-03-24 10:52:36.296369 :> Found link: http://www2.ljworld.com/news/state-government/2019/mar/21/medicaid-expansion-plan-clears-kansas-house/
INFO:root:2019-03-24 10:52:36.297367 :> Found link: http://www2.ljworld.com/news/state-region/2019/mar/23/midwest-flooding-causes-treatment-problems-for-kc-drinking-water-utility/
INFO:root:2019-03-24 10:52:36.297367 :> Found link: http://www2.ljworld.com/news/state-region/2019/mar/22/k-state-to-lower-tuition-for-students-in-5-other-states/
INFO:root:2019-03-24 10:52:36.297367 :> Found link: http://www2.ljworld.com/news/state-region/
INFO:root:2019-03-24 10:52:36.297367 :> Found link: http://www2.ljworld.com/opinion/
INFO:root:2019-03-24 10:52:36.297367 :> Found link: http://www2.ljworld.com/opinion/editorials/2019/mar/24/editorial-downtown-shouldnt-become-lawrences-next-gated-community/
INFO:root:2019-03-24 10:52:36.297367 :> Found link: http://www2.ljworld.com/opinion/editorials/2019/mar/24/editorial-downtown-shouldnt-become-lawrences-next-gated-community/
INFO:root:2019-03-24 10:52:36.297367 :> Found link: http://www2.ljworld.com/opinion/2019/mar/24/opinion-court-should-avoid-politics-of-gerrymandering/
INFO:root:2019-03-24 10:52:36.297367 :> Found link: http://www2.ljworld.com/opinion/2019/mar/23/opinion-march-madness-comes-to-statehouse/
INFO:root:2019-03-24 10:52:36.297367 :> Found link: http://www2.ljworld.com/opinion/
INFO:root:2019-03-24 10:52:36.297367 :> Found link: http://www2.ljworld.com/living/health/
INFO:root:2019-03-24 10:52:36.297367 :> Found link: http://www2.ljworld.com/living/health/2019/mar/23/more-than-just-tapers-athletic-trainers-key-to-student-athletes-safety/
INFO:root:2019-03-24 10:52:36.297367 :> Found link: http://www2.ljworld.com/living/health/2019/mar/23/more-than-just-tapers-athletic-trainers-key-to-student-athletes-safety/
INFO:root:2019-03-24 10:52:36.298369 :> Found link: http://www2.ljworld.com/news/county-government/2019/mar/21/douglas-county-employees-rich-health-insurance-plan-presents-budget-concern/
INFO:root:2019-03-24 10:52:36.298369 :> Found link: http://www2.ljworld.com/living/health/2019/mar/19/douglas-county-makes-slight-comeback-in-health-rankings-from-23rd-to-17th/
INFO:root:2019-03-24 10:52:36.298369 :> Found link: http://www2.ljworld.com/living/health/
INFO:root:2019-03-24 10:52:36.298369 :> Found link: http://www2.ljworld.com/living/arts-entertainment/
INFO:root:2019-03-24 10:52:36.298369 :> Found link: http://www2.ljworld.com/living/arts-entertainment/2019/mar/21/go-see-do-a-march-madness-inspired-art-show-tournament-and-more/
INFO:root:2019-03-24 10:52:36.298369 :> Found link: http://www2.ljworld.com/living/arts-entertainment/2019/mar/21/go-see-do-a-march-madness-inspired-art-show-tournament-and-more/
INFO:root:2019-03-24 10:52:36.298369 :> Found link: http://www2.ljworld.com/news/schools/2019/mar/22/grant-funds-will-boost-heart-of-the-school-at-cordley-pinckney-elementaries/
INFO:root:2019-03-24 10:52:36.298369 :> Found link: http://www2.ljworld.com/photos/galleries/2019/mar/20/photo-gallery-free-state-choir-students-prepare-for-annual-encore-performance/
INFO:root:2019-03-24 10:52:36.298369 :> Found link: http://www2.ljworld.com/living/arts-entertainment/
INFO:root:2019-03-24 10:52:36.298369 :> Found link: http://www2.ljworld.com/news/schools/
INFO:root:2019-03-24 10:52:36.298369 :> Found link: http://www2.ljworld.com/news/schools/2019/mar/22/grant-funds-will-boost-heart-of-the-school-at-cordley-pinckney-elementaries/
INFO:root:2019-03-24 10:52:36.298369 :> Found link: http://www2.ljworld.com/news/schools/2019/mar/22/grant-funds-will-boost-heart-of-the-school-at-cordley-pinckney-elementaries/
INFO:root:2019-03-24 10:52:36.298369 :> Found link: http://www2.ljworld.com/news/schools/2019/mar/21/billy-mills-middle-school-assistant-principal-to-retire-in-june/
INFO:root:2019-03-24 10:52:36.299366 :> Found link: http://www2.ljworld.com/news/schools/2019/mar/21/prairie-park-elementary-principal-to-resign-this-summer/
INFO:root:2019-03-24 10:52:36.299366 :> Found link: http://www2.ljworld.com/news/schools/
INFO:root:2019-03-24 10:52:36.299366 :> Found link: http://www2.ljworld.com/news/general-news/
INFO:root:2019-03-24 10:52:36.299366 :> Found link: http://www2.ljworld.com/news/general-news/2019/mar/22/work-delay-moves-opening-of-downtown-visitor-center-to-june/
INFO:root:2019-03-24 10:52:36.299366 :> Found link: http://www2.ljworld.com/news/general-news/2019/mar/22/work-delay-moves-opening-of-downtown-visitor-center-to-june/
INFO:root:2019-03-24 10:52:36.299366 :> Found link: http://www2.ljworld.com/living/health/2019/mar/23/more-than-just-tapers-athletic-trainers-key-to-student-athletes-safety/
INFO:root:2019-03-24 10:52:36.299366 :> Found link: http://www2.ljworld.com/news/general-news/2019/mar/22/cooperative-living-arrangements-an-option-as-we-age-and-downsize/
INFO:root:2019-03-24 10:52:36.299366 :> Found link: http://www2.ljworld.com/news/general-news/
INFO:root:2019-03-24 10:52:36.299366 :> Found link: https://www.mynewsonthego.com/ljw/
INFO:root:2019-03-24 10:52:36.299366 :> Found link: /employment-news-apwire/
INFO:root:2019-03-24 10:52:36.299366 :> Found link: http://www2.ljworld.com/sports/2019/mar/23/kansas-suffers-89-75-season-ending-loss-to-auburn-in-round-of-32/
INFO:root:2019-03-24 10:52:36.299366 :> Found link: http://www2.ljworld.com/weblogs/smithology/2019/mar/23/1-win-down-and-how-many-to-go-for-the-ja/
INFO:root:2019-03-24 10:52:36.300365 :> Found link: http://www2.ljworld.com/news/city-government/2019/mar/24/city-leaders-delay-review-of-some-airbnb-permits-pending-taxation-and-affordable-housing-concerns/
INFO:root:2019-03-24 10:52:36.300365 :> Found link: http://www2.ljworld.com/sports/ku-football/2019/mar/23/ku-football-picks-first-state-commitment-2020-te-w/
INFO:root:2019-03-24 10:52:36.300365 :> Found link: http://www2.ljworld.com/sports/2019/mar/23/jayhawks-post-5-wins-2-ncaa-top-10-marks-at-esu-spring-invite/
INFO:root:2019-03-24 10:52:36.300365 :> Found link: http://www2.ljworld.com/sports/2019/mar/23/no-miracle-march-run-for-dedric-lawson-and-jayhawks/
INFO:root:2019-03-24 10:52:36.300365 :> Found link: /newsletter-signup/
INFO:root:2019-03-24 10:52:36.300365 :> Found link: /marketplace/
INFO:root:2019-03-24 10:52:36.300365 :> Found link: http://www2.ljworld.com/
INFO:root:2019-03-24 10:52:36.300365 :> Found link: https://twitter.com/ljworld
INFO:root:2019-03-24 10:52:36.300365 :> Found link: https://www.facebook.com/LJWorld
INFO:root:2019-03-24 10:52:36.300365 :> Found link: http://www2.ljworld.com/contact-us/
INFO:root:2019-03-24 10:52:36.300365 :> Found link: http://www2.ljworld.com/contact-us/
INFO:root:2019-03-24 10:52:36.300365 :> Found link: http://www2.ljworld.com/submit-news/
INFO:root:2019-03-24 10:52:36.301365 :> Found link: http://www2.ljworld.com/advertise/
INFO:root:2019-03-24 10:52:36.301365 :> Found link: http://facebook.com/ljworld
INFO:root:2019-03-24 10:52:36.301365 :> Found link: http://twitter.com/ljworld
INFO:root:2019-03-24 10:52:36.301365 :> Found link: http://www2.ljworld.com/news/
INFO:root:2019-03-24 10:52:36.301365 :> Found link: http://www2.ljworld.com/news/
INFO:root:2019-03-24 10:52:36.301365 :> Found link: http://www2.ljworld.com/news/public-safety/
INFO:root:2019-03-24 10:52:36.301365 :> Found link: http://www2.ljworld.com/news/city-government/
INFO:root:2019-03-24 10:52:36.301365 :> Found link: http://www2.ljworld.com/news/state-government/
INFO:root:2019-03-24 10:52:36.301365 :> Found link: http://www2.ljworld.com/weblogs/town_talk/
INFO:root:2019-03-24 10:52:36.301365 :> Found link: http://www2.ljworld.com/sports/
INFO:root:2019-03-24 10:52:36.301365 :> Found link: http://www2.ljworld.com/sports/
INFO:root:2019-03-24 10:52:36.301365 :> Found link: http://www2.ljworld.com/sports/ku-mens-basketball/
INFO:root:2019-03-24 10:52:36.302364 :> Found link: http://www2.ljworld.com/sports/ku-football/
INFO:root:2019-03-24 10:52:36.302364 :> Found link: http://www2.ljworld.com/sports/opinion-sports/
INFO:root:2019-03-24 10:52:36.302364 :> Found link: http://www2.ljworld.com/sports/lawrence-high/
INFO:root:2019-03-24 10:52:36.302364 :> Found link: http://www2.ljworld.com/sports/free-state/
INFO:root:2019-03-24 10:52:36.302364 :> Found link: http://ljworld.com/
INFO:root:2019-03-24 10:52:36.302364 :> Found link: http://www2.ljworld.com/submit-newspaper-vacation-hold/
INFO:root:2019-03-24 10:52:36.302364 :> Found link: http://ljworld.mynewsonthego.com/ljw/SignIn.aspx
INFO:root:2019-03-24 10:52:36.302364 :> Found link: http://www2.ljworld.com/weather/
INFO:root:2019-03-24 10:52:36.302364 :> Found link: http://www2.ljworld.com/news/datebook/
INFO:root:2019-03-24 10:52:36.302364 :> Found link: http://obituaries.ljworld.com/obituaries/ljworld/
INFO:root:2019-03-24 10:52:36.302364 :> Found link: http://www2.ljworld.com/life-events/couples/
INFO:root:2019-03-24 10:52:36.302364 :> Found link: https://classifieds.lawrence.com/
INFO:root:2019-03-24 10:52:36.303367 :> Found link: http://jobs.lawrence.com/
INFO:root:2019-03-24 10:52:36.303367 :> Found link: http://deals.lawrence.com/
INFO:root:2019-03-24 10:52:36.303367 :> Found link: http://www2.ljworld.com/circulars/
INFO:root:2019-03-24 10:52:36.303367 :> Found link: http://www.ogdennews.com
INFO:root:2019-03-24 10:52:36.303367 :> Found link: http://www.nuttingcompany.com
INFO:root:2019-03-24 10:52:36.303367 :> Found link: /terms-of-service/
INFO:root:2019-03-24 10:52:36.303367 :> Found link: https://syncaccess-on-ljw.syncronex.com/on/ljw/Account/LogOn
INFO:root:2019-03-24 10:52:36.303367 :> Found link: http://www2.ljworld.com/subscribe/
INFO:root:2019-03-24 10:52:36.303367 :> Found link: http://www2.ljworld.com/news/
INFO:root:2019-03-24 10:52:36.303367 :> Found link: http://www2.ljworld.com/news/
INFO:root:2019-03-24 10:52:36.303367 :> Found link: http://www2.ljworld.com/news/public-safety/
INFO:root:2019-03-24 10:52:36.303367 :> Found link: http://www2.ljworld.com/news/city-government/
INFO:root:2019-03-24 10:52:36.304362 :> Found link: http://www2.ljworld.com/news/state-government/
INFO:root:2019-03-24 10:52:36.304362 :> Found link: http://www2.ljworld.com/weblogs/town_talk/
INFO:root:2019-03-24 10:52:36.304362 :> Found link: http://www2.ljworld.com/news/schools/
INFO:root:2019-03-24 10:52:36.304362 :> Found link: http://www2.ljworld.com/news/ku/
INFO:root:2019-03-24 10:52:36.304362 :> Found link: http://www2.ljworld.com/news/county-government/
INFO:root:2019-03-24 10:52:36.304362 :> Found link: http://www2.ljworld.com/news/state-region/
INFO:root:2019-03-24 10:52:36.304362 :> Found link: http://www2.ljworld.com/news/national/
INFO:root:2019-03-24 10:52:36.304362 :> Found link: http://www2.ljworld.com/news/history/
INFO:root:2019-03-24 10:52:36.304362 :> Found link: http://www2.ljworld.com/sports/
INFO:root:2019-03-24 10:52:36.304362 :> Found link: http://www2.ljworld.com/sports/
INFO:root:2019-03-24 10:52:36.304362 :> Found link: http://www2.ljworld.com/sports/opinion-sports/
INFO:root:2019-03-24 10:52:36.304362 :> Found link: http://www2.ljworld.com/sports/ku-mens-basketball/
INFO:root:2019-03-24 10:52:36.305362 :> Found link: http://www2.ljworld.com/sports/ku-womens-basketball/
INFO:root:2019-03-24 10:52:36.305362 :> Found link: http://www2.ljworld.com/sports/ku-football/
INFO:root:2019-03-24 10:52:36.305362 :> Found link: http://www2.ljworld.com/sports/ku-volleyball/
INFO:root:2019-03-24 10:52:36.305362 :> Found link: http://www2.ljworld.com/sports/lawrence-high/
INFO:root:2019-03-24 10:52:36.305362 :> Found link: http://www2.ljworld.com/sports/free-state/
INFO:root:2019-03-24 10:52:36.305362 :> Found link: http://www2.ljworld.com/sports/seabury/
INFO:root:2019-03-24 10:52:36.305362 :> Found link: http://www2.ljworld.com/sports/veritas/
INFO:root:2019-03-24 10:52:36.305362 :> Found link: http://www2.ljworld.com/opinion/
INFO:root:2019-03-24 10:52:36.305362 :> Found link: http://www2.ljworld.com/opinion/
INFO:root:2019-03-24 10:52:36.305362 :> Found link: http://www2.ljworld.com/opinion/letters/
INFO:root:2019-03-24 10:52:36.305362 :> Found link: http://www2.ljworld.com/opinion/national-columns/
INFO:root:2019-03-24 10:52:36.305362 :> Found link: http://www2.ljworld.com/opinion/local-columns/
INFO:root:2019-03-24 10:52:36.306361 :> Found link: http://www2.ljworld.com/opinion/editorials/
INFO:root:2019-03-24 10:52:36.306361 :> Found link: http://www2.ljworld.com/opinion/your-turn/
INFO:root:2019-03-24 10:52:36.306361 :> Found link: http://www2.ljworld.com/living/
INFO:root:2019-03-24 10:52:36.306361 :> Found link: http://www2.ljworld.com/living/health/
INFO:root:2019-03-24 10:52:36.306361 :> Found link: http://www2.ljworld.com/living/columns/
INFO:root:2019-03-24 10:52:36.306361 :> Found link: http://www2.ljworld.com/living/home-garden/
INFO:root:2019-03-24 10:52:36.306361 :> Found link: http://www2.ljworld.com/living/arts-entertainment/
INFO:root:2019-03-24 10:52:36.306361 :> Found link: http://www2.ljworld.com/living/food/
INFO:root:2019-03-24 10:52:36.306361 :> Found link: http://www2.ljworld.com/news/datebook/
INFO:root:2019-03-24 10:52:36.306361 :> Found link: http://www2.ljworld.com/weather/
INFO:root:2019-03-24 10:52:36.306361 :> Found link: http://www2.ljworld.com/life-events/
INFO:root:2019-03-24 10:52:36.306361 :> Found link: http://obituaries.ljworld.com/obituaries/ljworld/
INFO:root:2019-03-24 10:52:36.307361 :> Found link: http://www2.ljworld.com/life-events/births/
INFO:root:2019-03-24 10:52:36.307361 :> Found link: http://www2.ljworld.com/life-events/marriages-divorces-bankruptcies/
INFO:root:2019-03-24 10:52:36.307361 :> Found link: http://www2.ljworld.com/life-events/couples/
INFO:root:2019-03-24 10:52:36.307361 :> Found link: http://www2.ljworld.com/life-events/real-estate-transfers/
INFO:root:2019-03-24 10:52:36.307361 :> Found link: http://www2.ljworld.com/contact-us/
INFO:root:2019-03-24 10:52:36.308361 :> Found link: http://www2.ljworld.com/contact-us/
INFO:root:2019-03-24 10:52:36.308361 :> Found link: http://www2.ljworld.com/submit-news/
INFO:root:2019-03-24 10:52:36.308361 :> Found link: http://www2.ljworld.com/submit-letter-to-the-editor/
INFO:root:2019-03-24 10:52:36.309358 :> Found link: https://kansas.obituariesandcelebrations.com/
INFO:root:2019-03-24 10:52:36.309358 :> Found link: http://ljworld.mynewsonthego.com/ljw/SignIn.aspx
INFO:root:2019-03-24 10:52:36.309358 :> Found link: http://www2.ljworld.com/submit-newspaper-vacation-hold/
INFO:root:2019-03-24 10:52:36.309358 :> Found link: http://www2.ljworld.com/advertise/
INFO:root:2019-03-24 10:52:36.309358 :> Found link: https://classifieds.lawrence.com/
INFO:root:2019-03-24 10:52:36.309358 :> Found link: https://jobs.lawrence.com/
INFO:root:2019-03-24 10:52:36.309358 :> Found link: http://www2.ljworld.com/customer-service/
INFO:root:2019-03-24 10:52:36.310357 :> Link converted to http://www2.ljworld.com/newslink/
INFO:root:2019-03-24 10:52:36.310357 :> Link converted to http://www2.ljworld.com/subscribe/
INFO:root:2019-03-24 10:52:36.310357 :> Link converted to http://www2.ljworld.com/submit-news/
INFO:root:2019-03-24 10:52:36.310357 :> Link converted to http://www2.ljworld.com/subscribe/
INFO:root:2019-03-24 10:52:36.310357 :> Link converted to http://www2.ljworld.com/news/
INFO:root:2019-03-24 10:52:36.310357 :> Link converted to http://www2.ljworld.com/news/
INFO:root:2019-03-24 10:52:36.310357 :> Link converted to http://www2.ljworld.com/news/
INFO:root:2019-03-24 10:52:36.310357 :> Link converted to http://www2.ljworld.com/sports/
INFO:root:2019-03-24 10:52:36.310357 :> Link converted to http://www2.ljworld.com/sports/
INFO:root:2019-03-24 10:52:36.310357 :> Link converted to http://www2.ljworld.com/employment-news-apwire/
INFO:root:2019-03-24 10:52:36.310357 :> Link converted to http://www2.ljworld.com/newsletter-signup/
INFO:root:2019-03-24 10:52:36.310357 :> Link converted to http://www2.ljworld.com/marketplace/
INFO:root:2019-03-24 10:52:36.311356 :> Link converted to http://www2.ljworld.com/terms-of-service/
INFO:root:2019-03-24 10:52:36.311356 :> Discarding internal links
INFO:root:2019-03-24 10:52:36.311356 :> Link: /newslink/ is not a valid link, it will be deleted
INFO:root:2019-03-24 10:52:36.311356 :> Link: /subscribe/ is not a valid link, it will be deleted
INFO:root:2019-03-24 10:52:36.311356 :> Link: /submit-news/ is not a valid link, it will be deleted
INFO:root:2019-03-24 10:52:36.311356 :> Link: /subscribe/ is not a valid link, it will be deleted
INFO:root:2019-03-24 10:52:36.311356 :> Link: /news/ is not a valid link, it will be deleted
INFO:root:2019-03-24 10:52:36.311356 :> Link: /news/ is not a valid link, it will be deleted
INFO:root:2019-03-24 10:52:36.311356 :> Link: /news/ is not a valid link, it will be deleted
INFO:root:2019-03-24 10:52:36.311356 :> Link: /sports/ is not a valid link, it will be deleted
INFO:root:2019-03-24 10:52:36.311356 :> Link: /sports/ is not a valid link, it will be deleted
INFO:root:2019-03-24 10:52:36.311356 :> Link: /employment-news-apwire/ is not a valid link, it will be deleted
INFO:root:2019-03-24 10:52:36.312359 :> Link: /newsletter-signup/ is not a valid link, it will be deleted
INFO:root:2019-03-24 10:52:36.312359 :> Link: /marketplace/ is not a valid link, it will be deleted
INFO:root:2019-03-24 10:52:36.312359 :> Link: /terms-of-service/ is not a valid link, it will be deleted
DEBUG:urllib3.connectionpool:Starting new HTTP connection (1): www.b-list.org:80
DEBUG:urllib3.connectionpool:http://www.b-list.org:80 "GET /weblog/2010/nov/02/news-done-broke/ HTTP/1.1" 301 None
DEBUG:urllib3.connectionpool:Starting new HTTPS connection (1): www.b-list.org:443
DEBUG:urllib3.connectionpool:https://www.b-list.org:443 "GET /weblog/2010/nov/02/news-done-broke/ HTTP/1.1" 200 5327
INFO:root:2019-03-24 10:52:41.086790 :> Getting all the links for http://www.b-list.org/weblog/2010/nov/02/news-done-broke/
INFO:root:2019-03-24 10:52:41.087789 :> Found link: #content
INFO:root:2019-03-24 10:52:41.087789 :> Found link: /
INFO:root:2019-03-24 10:52:41.087789 :> Found link: /weblog/
INFO:root:2019-03-24 10:52:41.087789 :> Found link: /projects/
INFO:root:2019-03-24 10:52:41.087789 :> Found link: /about/
INFO:root:2019-03-24 10:52:41.087789 :> Found link: /contact/
INFO:root:2019-03-24 10:52:41.087789 :> Found link: /weblog/2010/nov/02/
INFO:root:2019-03-24 10:52:41.088789 :> Found link: /weblog/categories/misc/
INFO:root:2019-03-24 10:52:41.088789 :> Found link: http://jacobian.org/writing/breaking-news/
INFO:root:2019-03-24 10:52:41.088789 :> Found link: http://www2.ljworld.com/elections/
INFO:root:2019-03-24 10:52:41.088789 :> Found link: http://www.crummy.com/software/BeautifulSoup/
INFO:root:2019-03-24 10:52:41.088789 :> Found link: /about/
INFO:root:2019-03-24 10:52:41.088789 :> Link converted to http://www.b-list.org/
INFO:root:2019-03-24 10:52:41.088789 :> Link converted to http://www.b-list.org/weblog/
INFO:root:2019-03-24 10:52:41.088789 :> Link converted to http://www.b-list.org/projects/
INFO:root:2019-03-24 10:52:41.089788 :> Link converted to http://www.b-list.org/about/
INFO:root:2019-03-24 10:52:41.089788 :> Link converted to http://www.b-list.org/contact/
INFO:root:2019-03-24 10:52:41.089788 :> Link converted to http://www.b-list.org/weblog/2010/nov/02/
INFO:root:2019-03-24 10:52:41.089788 :> Link converted to http://www.b-list.org/weblog/categories/misc/
INFO:root:2019-03-24 10:52:41.089788 :> Link converted to http://www.b-list.org/about/
INFO:root:2019-03-24 10:52:41.089788 :> Discarding internal links
INFO:root:2019-03-24 10:52:41.089788 :> Link: / is not a valid link, it will be deleted
INFO:root:2019-03-24 10:52:41.089788 :> Link: /weblog/ is not a valid link, it will be deleted
INFO:root:2019-03-24 10:52:41.089788 :> Link: /projects/ is not a valid link, it will be deleted
INFO:root:2019-03-24 10:52:41.090787 :> Link: /about/ is not a valid link, it will be deleted
INFO:root:2019-03-24 10:52:41.090787 :> Link: /contact/ is not a valid link, it will be deleted
INFO:root:2019-03-24 10:52:41.090787 :> Link: /weblog/2010/nov/02/ is not a valid link, it will be deleted
INFO:root:2019-03-24 10:52:41.090787 :> Link: /weblog/categories/misc/ is not a valid link, it will be deleted
INFO:root:2019-03-24 10:52:41.090787 :> Link: /about/ is not a valid link, it will be deleted
DEBUG:urllib3.connectionpool:Starting new HTTP connection (1): esrl.noaa.gov:80
DEBUG:urllib3.connectionpool:http://esrl.noaa.gov:80 "GET /gsd/fab/ HTTP/1.1" 301 178
DEBUG:urllib3.connectionpool:Starting new HTTPS connection (1): esrl.noaa.gov:443
DEBUG:urllib3.connectionpool:https://esrl.noaa.gov:443 "GET /gsd/fab/ HTTP/1.1" 404 None
INFO:root:2019-03-24 10:52:43.060047 :> Getting all the links for http://esrl.noaa.gov/gsd/fab/
INFO:root:2019-03-24 10:52:43.061047 :> Discarding internal links
DEBUG:urllib3.connectionpool:Starting new HTTP connection (1): laps.noaa.gov:80
ERROR:root:2019-03-24 10:52:43.304331 :> Error found: HTTPConnectionPool(host='laps.noaa.gov', port=80): Max retries exceeded with url: /topograbber/ (Caused by NewConnectionError('<urllib3.connection.HTTPConnection object at 0x04730130>: Failed to establish a new connection: [Errno 11001] getaddrinfo failed'))
INFO:root:2019-03-24 10:52:43.304331 :> Getting all the links for http://laps.noaa.gov/topograbber/
INFO:root:2019-03-24 10:52:43.305325 :> Discarding internal links
DEBUG:urllib3.connectionpool:Starting new HTTP connection (1): groups.google.com:80
DEBUG:urllib3.connectionpool:http://groups.google.com:80 "GET /group/beautifulsoup/ HTTP/1.1" 301 188
DEBUG:urllib3.connectionpool:http://groups.google.com:80 "GET /d/forum/beautifulsoup HTTP/1.1" 302 189
DEBUG:urllib3.connectionpool:Starting new HTTPS connection (1): groups.google.com:443
DEBUG:urllib3.connectionpool:https://groups.google.com:443 "GET /d/forum/beautifulsoup HTTP/1.1" 302 None
DEBUG:urllib3.connectionpool:https://groups.google.com:443 "GET /forum/ HTTP/1.1" 200 None
DEBUG:chardet.charsetprober:utf-8  confidence = 0.99
DEBUG:chardet.charsetprober:SHIFT_JIS Japanese confidence = 0.01
DEBUG:chardet.charsetprober:EUC-JP Japanese confidence = 0.01
DEBUG:chardet.charsetprober:GB2312 Chinese confidence = 0.01
DEBUG:chardet.charsetprober:EUC-KR Korean confidence = 0.01
DEBUG:chardet.charsetprober:CP949 Korean confidence = 0.01
DEBUG:chardet.charsetprober:Big5 Chinese confidence = 0.01
DEBUG:chardet.charsetprober:EUC-TW Taiwan confidence = 0.01
DEBUG:chardet.charsetprober:windows-1251 Russian confidence = 0.01
DEBUG:chardet.charsetprober:KOI8-R Russian confidence = 0.01
DEBUG:chardet.charsetprober:ISO-8859-5 Russian confidence = 0.020995071528730046
DEBUG:chardet.charsetprober:MacCyrillic Russian confidence = 0.014820050490868266
DEBUG:chardet.charsetprober:IBM866 Russian confidence = 0.06962651272282923
DEBUG:chardet.charsetprober:IBM855 Russian confidence = 0.013316873941080202
DEBUG:chardet.charsetprober:ISO-8859-7 Greek confidence = 0.0
DEBUG:chardet.charsetprober:windows-1253 Greek confidence = 0.0
DEBUG:chardet.charsetprober:ISO-8859-5 Bulgairan confidence = 0.020748323824702854
DEBUG:chardet.charsetprober:windows-1251 Bulgarian confidence = 0.0
DEBUG:chardet.charsetprober:TIS-620 Thai confidence = 0.10868685400128572
DEBUG:chardet.charsetprober:ISO-8859-9 Turkish confidence = 0.5193770475318582
DEBUG:chardet.charsetprober:windows-1255 Hebrew confidence = 0.0
DEBUG:chardet.charsetprober:windows-1255 Hebrew confidence = 0.0
DEBUG:chardet.charsetprober:windows-1255 Hebrew confidence = 0.0
DEBUG:chardet.charsetprober:utf-8  confidence = 0.99
DEBUG:chardet.charsetprober:SHIFT_JIS Japanese confidence = 0.01
DEBUG:chardet.charsetprober:EUC-JP Japanese confidence = 0.01
DEBUG:chardet.charsetprober:GB2312 Chinese confidence = 0.01
DEBUG:chardet.charsetprober:EUC-KR Korean confidence = 0.01
DEBUG:chardet.charsetprober:CP949 Korean confidence = 0.01
DEBUG:chardet.charsetprober:Big5 Chinese confidence = 0.01
DEBUG:chardet.charsetprober:EUC-TW Taiwan confidence = 0.01
INFO:root:2019-03-24 10:52:47.620119 :> Getting all the links for http://groups.google.com/group/beautifulsoup/
INFO:root:2019-03-24 10:52:47.620119 :> Found link: https://www.google.com.ar/webhp?tab=gw
INFO:root:2019-03-24 10:52:47.620119 :> Found link: http://www.google.com.ar/imghp?hl=es-419&tab=gi
INFO:root:2019-03-24 10:52:47.620119 :> Found link: https://maps.google.com.ar/maps?hl=es-419&tab=gl
INFO:root:2019-03-24 10:52:47.620119 :> Found link: https://play.google.com/?hl=es-419&tab=g8
INFO:root:2019-03-24 10:52:47.620119 :> Found link: https://www.youtube.com/?gl=AR&tab=g1
INFO:root:2019-03-24 10:52:47.620119 :> Found link: https://news.google.com.ar/nwshp?hl=es-419&tab=gn
INFO:root:2019-03-24 10:52:47.621119 :> Found link: https://mail.google.com/mail/?tab=gm
INFO:root:2019-03-24 10:52:47.621119 :> Found link: https://drive.google.com/?tab=go
INFO:root:2019-03-24 10:52:47.621119 :> Found link: https://www.google.com.ar/intl/es-419/about/products?tab=gh
INFO:root:2019-03-24 10:52:47.621119 :> Found link: http://support.google.com/groups/bin/answer.py?answer=46601
INFO:root:2019-03-24 10:52:47.621119 :> Found link: javascript:fb();
INFO:root:2019-03-24 10:52:47.621119 :> Found link: javascript:showKeyboardShortcutPopup();
INFO:root:2019-03-24 10:52:47.621119 :> Found link: https://accounts.google.com/AccountChooser?continue=https://groups.google.com/forum/&hl=es-419&service=groups2
INFO:root:2019-03-24 10:52:47.621119 :> Discarding internal links
INFO:root:2019-03-24 10:52:47.621119 :> Link: javascript:fb(); is not a valid link, it will be deleted
INFO:root:2019-03-24 10:52:47.621119 :> Link: javascript:showKeyboardShortcutPopup(); is not a valid link, it will be deleted
DEBUG:urllib3.connectionpool:Starting new HTTPS connection (1): launchpad.net:443
DEBUG:urllib3.connectionpool:https://launchpad.net:443 "GET /beautifulsoup HTTP/1.1" 200 None
INFO:root:2019-03-24 10:52:50.014928 :> Getting all the links for https://launchpad.net/beautifulsoup
INFO:root:2019-03-24 10:52:50.015927 :> Found link: https://launchpad.net/beautifulsoup/+login
INFO:root:2019-03-24 10:52:50.015927 :> Found link: https://launchpad.net/beautifulsoup
INFO:root:2019-03-24 10:52:50.015927 :> Found link: https://launchpad.net/beautifulsoup
INFO:root:2019-03-24 10:52:50.015927 :> Found link: https://code.launchpad.net/beautifulsoup
INFO:root:2019-03-24 10:52:50.015927 :> Found link: https://bugs.launchpad.net/beautifulsoup
INFO:root:2019-03-24 10:52:50.015927 :> Found link: https://blueprints.launchpad.net/beautifulsoup
INFO:root:2019-03-24 10:52:50.015927 :> Found link: https://translations.launchpad.net/beautifulsoup
INFO:root:2019-03-24 10:52:50.015927 :> Found link: https://answers.launchpad.net/beautifulsoup
INFO:root:2019-03-24 10:52:50.015927 :> Found link: /~leonardr
INFO:root:2019-03-24 10:52:50.015927 :> Found link: http://groups.google.com/group/beautifulsoup
INFO:root:2019-03-24 10:52:50.016927 :> Found link: http://www.crummy.com/software/BeautifulSoup/
INFO:root:2019-03-24 10:52:50.016927 :> Found link: /~leonardr
INFO:root:2019-03-24 10:52:50.016927 :> Found link: https://launchpad.net/beautifulsoup/+rdf
INFO:root:2019-03-24 10:52:50.016927 :> Found link: https://launchpad.net/beautifulsoup/+series
INFO:root:2019-03-24 10:52:50.016927 :> Found link: /beautifulsoup/4.0
INFO:root:2019-03-24 10:52:50.016927 :> Found link: https://launchpad.net/beautifulsoup/+milestones
INFO:root:2019-03-24 10:52:50.016927 :> Found link: https://code.launchpad.net/beautifulsoup/+recipes
INFO:root:2019-03-24 10:52:50.016927 :> Found link: https://code.launchpad.net/beautifulsoup
INFO:root:2019-03-24 10:52:50.016927 :> Found link: https://code.launchpad.net/~leonardr/beautifulsoup/bs4
INFO:root:2019-03-24 10:52:50.016927 :> Found link: https://bazaar.launchpad.net/~leonardr/beautifulsoup/bs4/files
INFO:root:2019-03-24 10:52:50.016927 :> Found link: https://launchpad.net/beautifulsoup/+packages
INFO:root:2019-03-24 10:52:50.016927 :> Found link: /ubuntu/xenial/+source/beautifulsoup4
INFO:root:2019-03-24 10:52:50.016927 :> Found link: /ubuntu/trusty/+source/beautifulsoup4
INFO:root:2019-03-24 10:52:50.017926 :> Found link: /ubuntu/precise/+source/beautifulsoup4
INFO:root:2019-03-24 10:52:50.017926 :> Found link: /ubuntu/disco/+source/beautifulsoup4
INFO:root:2019-03-24 10:52:50.017926 :> Found link: /ubuntu/cosmic/+source/beautifulsoup4
INFO:root:2019-03-24 10:52:50.017926 :> Found link: https://bugs.launchpad.net/beautifulsoup
INFO:root:2019-03-24 10:52:50.017926 :> Found link: https://bugs.launchpad.net/beautifulsoup/+bug/1820256
INFO:root:2019-03-24 10:52:50.017926 :> Found link: https://bugs.launchpad.net/beautifulsoup/+bug/1818721
INFO:root:2019-03-24 10:52:50.017926 :> Found link: https://bugs.launchpad.net/beautifulsoup/+bug/1812422
INFO:root:2019-03-24 10:52:50.017926 :> Found link: https://bugs.launchpad.net/beautifulsoup/+bug/1811206
INFO:root:2019-03-24 10:52:50.017926 :> Found link: https://bugs.launchpad.net/beautifulsoup/+bug/1810773
INFO:root:2019-03-24 10:52:50.017926 :> Found link: https://launchpad.net/beautifulsoup/+topcontributors
INFO:root:2019-03-24 10:52:50.017926 :> Found link: /~leonardr
INFO:root:2019-03-24 10:52:50.017926 :> Found link: /~facelessuser
INFO:root:2019-03-24 10:52:50.017926 :> Found link: /~dariox-r
INFO:root:2019-03-24 10:52:50.018925 :> Found link: /~molster
INFO:root:2019-03-24 10:52:50.018925 :> Found link: /~sreenivas-engece
INFO:root:2019-03-24 10:52:50.018925 :> Found link: https://bugs.launchpad.net/beautifulsoup/+filebug
INFO:root:2019-03-24 10:52:50.018925 :> Found link: http://feeds.launchpad.net/beautifulsoup/announcements.atom
INFO:root:2019-03-24 10:52:50.018925 :> Found link: /beautifulsoup/+announcement/7286
INFO:root:2019-03-24 10:52:50.018925 :> Found link: https://launchpad.net/beautifulsoup/+announcements
INFO:root:2019-03-24 10:52:50.018925 :> Found link: https://launchpad.net/
INFO:root:2019-03-24 10:52:50.019927 :> Found link: https://launchpad.net/+tour
INFO:root:2019-03-24 10:52:50.019927 :> Found link: https://help.launchpad.net/
INFO:root:2019-03-24 10:52:50.019927 :> Found link: http://canonical.com/
INFO:root:2019-03-24 10:52:50.019927 :> Found link: https://launchpad.net/legal
INFO:root:2019-03-24 10:52:50.019927 :> Found link: https://www.ubuntu.com/legal/dataprivacy
INFO:root:2019-03-24 10:52:50.019927 :> Found link: /feedback
INFO:root:2019-03-24 10:52:50.019927 :> Found link: http://blog.launchpad.net/
INFO:root:2019-03-24 10:52:50.019927 :> Found link: http://www.canonical.com/about-canonical/careers
INFO:root:2019-03-24 10:52:50.019927 :> Found link: https://twitter.com/launchpadstatus
INFO:root:2019-03-24 10:52:50.020925 :> Found link: https://dev.launchpad.net/
INFO:root:2019-03-24 10:52:50.020925 :> Link converted to https://launchpad.net/~leonardr
INFO:root:2019-03-24 10:52:50.020925 :> Link converted to https://launchpad.net/~leonardr
INFO:root:2019-03-24 10:52:50.020925 :> Link converted to https://launchpad.net/beautifulsoup/4.0
INFO:root:2019-03-24 10:52:50.020925 :> Link converted to https://launchpad.net/ubuntu/xenial/+source/beautifulsoup4
INFO:root:2019-03-24 10:52:50.020925 :> Link converted to https://launchpad.net/ubuntu/trusty/+source/beautifulsoup4
INFO:root:2019-03-24 10:52:50.020925 :> Link converted to https://launchpad.net/ubuntu/precise/+source/beautifulsoup4
INFO:root:2019-03-24 10:52:50.020925 :> Link converted to https://launchpad.net/ubuntu/disco/+source/beautifulsoup4
INFO:root:2019-03-24 10:52:50.020925 :> Link converted to https://launchpad.net/ubuntu/cosmic/+source/beautifulsoup4
INFO:root:2019-03-24 10:52:50.020925 :> Link converted to https://launchpad.net/~leonardr
INFO:root:2019-03-24 10:52:50.020925 :> Link converted to https://launchpad.net/~facelessuser
INFO:root:2019-03-24 10:52:50.020925 :> Link converted to https://launchpad.net/~dariox-r
INFO:root:2019-03-24 10:52:50.021924 :> Link converted to https://launchpad.net/~molster
INFO:root:2019-03-24 10:52:50.021924 :> Link converted to https://launchpad.net/~sreenivas-engece
INFO:root:2019-03-24 10:52:50.021924 :> Link converted to https://launchpad.net/beautifulsoup/+announcement/7286
INFO:root:2019-03-24 10:52:50.021924 :> Link converted to https://launchpad.net/feedback
INFO:root:2019-03-24 10:52:50.021924 :> Discarding internal links
INFO:root:2019-03-24 10:52:50.021924 :> Link: /~leonardr is not a valid link, it will be deleted
INFO:root:2019-03-24 10:52:50.021924 :> Link: /~leonardr is not a valid link, it will be deleted
INFO:root:2019-03-24 10:52:50.022930 :> Link: /beautifulsoup/4.0 is not a valid link, it will be deleted
INFO:root:2019-03-24 10:52:50.022930 :> Link: /ubuntu/xenial/+source/beautifulsoup4 is not a valid link, it will be deleted
INFO:root:2019-03-24 10:52:50.022930 :> Link: /ubuntu/trusty/+source/beautifulsoup4 is not a valid link, it will be deleted
INFO:root:2019-03-24 10:52:50.022930 :> Link: /ubuntu/precise/+source/beautifulsoup4 is not a valid link, it will be deleted
INFO:root:2019-03-24 10:52:50.022930 :> Link: /ubuntu/disco/+source/beautifulsoup4 is not a valid link, it will be deleted
INFO:root:2019-03-24 10:52:50.022930 :> Link: /ubuntu/cosmic/+source/beautifulsoup4 is not a valid link, it will be deleted
INFO:root:2019-03-24 10:52:50.022930 :> Link: /~leonardr is not a valid link, it will be deleted
INFO:root:2019-03-24 10:52:50.022930 :> Link: /~facelessuser is not a valid link, it will be deleted
INFO:root:2019-03-24 10:52:50.023924 :> Link: /~dariox-r is not a valid link, it will be deleted
INFO:root:2019-03-24 10:52:50.023924 :> Link: /~molster is not a valid link, it will be deleted
INFO:root:2019-03-24 10:52:50.023924 :> Link: /~sreenivas-engece is not a valid link, it will be deleted
INFO:root:2019-03-24 10:52:50.023924 :> Link: /beautifulsoup/+announcement/7286 is not a valid link, it will be deleted
INFO:root:2019-03-24 10:52:50.023924 :> Link: /feedback is not a valid link, it will be deleted
DEBUG:urllib3.connectionpool:Starting new HTTPS connection (1): code.launchpad.net:443
DEBUG:urllib3.connectionpool:https://code.launchpad.net:443 "GET /beautifulsoup/ HTTP/1.1" 200 None
INFO:root:2019-03-24 10:52:52.752998 :> Getting all the links for https://code.launchpad.net/beautifulsoup/
INFO:root:2019-03-24 10:52:52.753998 :> Found link: https://code.launchpad.net/beautifulsoup/+login
INFO:root:2019-03-24 10:52:52.754997 :> Found link: https://launchpad.net/beautifulsoup
INFO:root:2019-03-24 10:52:52.754997 :> Found link: https://launchpad.net/beautifulsoup
INFO:root:2019-03-24 10:52:52.754997 :> Found link: https://launchpad.net/beautifulsoup
INFO:root:2019-03-24 10:52:52.754997 :> Found link: https://bugs.launchpad.net/beautifulsoup
INFO:root:2019-03-24 10:52:52.754997 :> Found link: https://blueprints.launchpad.net/beautifulsoup
INFO:root:2019-03-24 10:52:52.754997 :> Found link: https://translations.launchpad.net/beautifulsoup
INFO:root:2019-03-24 10:52:52.754997 :> Found link: https://answers.launchpad.net/beautifulsoup
INFO:root:2019-03-24 10:52:52.754997 :> Found link: /beautifulsoup/+git
INFO:root:2019-03-24 10:52:52.754997 :> Found link: https://bazaar.launchpad.net/~leonardr/beautifulsoup/bs4/files
INFO:root:2019-03-24 10:52:52.754997 :> Found link: https://code.launchpad.net/beautifulsoup/+activereviews
INFO:root:2019-03-24 10:52:52.754997 :> Found link: /~leonardr/beautifulsoup/bs4
INFO:root:2019-03-24 10:52:52.754997 :> Found link: https://launchpad.net/beautifulsoup/4.0
INFO:root:2019-03-24 10:52:52.754997 :> Found link: https://bazaar.launchpad.net/~leonardr/beautifulsoup/bs4/revision/497
INFO:root:2019-03-24 10:52:52.755997 :> Found link: https://launchpad.net/~leonardr
INFO:root:2019-03-24 10:52:52.755997 :> Found link: /~leonardr/beautifulsoup/3.2
INFO:root:2019-03-24 10:52:52.755997 :> Found link: https://launchpad.net/beautifulsoup/3.2
INFO:root:2019-03-24 10:52:52.755997 :> Found link: https://launchpad.net/beautifulsoup/trunk
INFO:root:2019-03-24 10:52:52.755997 :> Found link: https://bazaar.launchpad.net/~leonardr/beautifulsoup/3.2/revision/46
INFO:root:2019-03-24 10:52:52.755997 :> Found link: https://launchpad.net/~leonardr
INFO:root:2019-03-24 10:52:52.755997 :> Found link: /~leonardr/beautifulsoup/3.0
INFO:root:2019-03-24 10:52:52.755997 :> Found link: https://launchpad.net/beautifulsoup/3.0
INFO:root:2019-03-24 10:52:52.755997 :> Found link: https://bazaar.launchpad.net/~leonardr/beautifulsoup/3.0/revision/41
INFO:root:2019-03-24 10:52:52.755997 :> Found link: https://launchpad.net/~leonardr
INFO:root:2019-03-24 10:52:52.755997 :> Found link: /~leonardr/beautifulsoup/3.0-bak
INFO:root:2019-03-24 10:52:52.755997 :> Found link: https://launchpad.net/beautifulsoup/3.0-bak
INFO:root:2019-03-24 10:52:52.755997 :> Found link: https://bazaar.launchpad.net/~leonardr/beautifulsoup/3.0-bak/revision/1
INFO:root:2019-03-24 10:52:52.756996 :> Found link: https://launchpad.net/~leonardr
INFO:root:2019-03-24 10:52:52.756996 :> Found link: /~facelessuser/beautifulsoup/quirks
INFO:root:2019-03-24 10:52:52.756996 :> Found link: https://bazaar.launchpad.net/~facelessuser/beautifulsoup/quirks/revision/500
INFO:root:2019-03-24 10:52:52.756996 :> Found link: /~facelessuser/beautifulsoup/self-check
INFO:root:2019-03-24 10:52:52.756996 :> Found link: https://bazaar.launchpad.net/~facelessuser/beautifulsoup/self-check/revision/494
INFO:root:2019-03-24 10:52:52.756996 :> Found link: /~marting/beautifulsoup/doc-typo
INFO:root:2019-03-24 10:52:52.756996 :> Found link: https://bazaar.launchpad.net/~marting/beautifulsoup/doc-typo/revision/450
INFO:root:2019-03-24 10:52:52.756996 :> Found link: https://launchpad.net/~marting
INFO:root:2019-03-24 10:52:52.756996 :> Found link: /~arthur-darcet/beautifulsoup/beautifulsoup
INFO:root:2019-03-24 10:52:52.756996 :> Found link: https://bazaar.launchpad.net/~arthur-darcet/beautifulsoup/beautifulsoup/revision/440
INFO:root:2019-03-24 10:52:52.756996 :> Found link: https://launchpad.net/~arthur-darcet
INFO:root:2019-03-24 10:52:52.756996 :> Found link: /~waker/beautifulsoup/crickfeed
INFO:root:2019-03-24 10:52:52.756996 :> Found link: /~ishitah-takeshi/beautifulsoup/beautifulsoup
INFO:root:2019-03-24 10:52:52.757995 :> Found link: https://bazaar.launchpad.net/~ishitah-takeshi/beautifulsoup/beautifulsoup/revision/354
INFO:root:2019-03-24 10:52:52.757995 :> Found link: https://launchpad.net/~ishitah-takeshi
INFO:root:2019-03-24 10:52:52.757995 :> Found link: /~dbarts/beautifulsoup/beautifulsoup
INFO:root:2019-03-24 10:52:52.757995 :> Found link: https://bazaar.launchpad.net/~dbarts/beautifulsoup/beautifulsoup/revision/354
INFO:root:2019-03-24 10:52:52.757995 :> Found link: https://launchpad.net/~dbarts
INFO:root:2019-03-24 10:52:52.757995 :> Found link: /~stefanor/beautifulsoup/python3.4
INFO:root:2019-03-24 10:52:52.757995 :> Found link: https://bazaar.launchpad.net/~stefanor/beautifulsoup/python3.4/revision/345
INFO:root:2019-03-24 10:52:52.757995 :> Found link: https://launchpad.net/~stefanor
INFO:root:2019-03-24 10:52:52.757995 :> Found link: http://bugs.python.org/issue13633
INFO:root:2019-03-24 10:52:52.757995 :> Found link: /bugs/1375721
INFO:root:2019-03-24 10:52:52.757995 :> Found link: /~anoopvalluthadam/beautifulsoup/trunk
INFO:root:2019-03-24 10:52:52.757995 :> Found link: /~mailfrancisco/beautifulsoup/beautifulsoup
INFO:root:2019-03-24 10:52:52.757995 :> Found link: https://bazaar.launchpad.net/~mailfrancisco/beautifulsoup/beautifulsoup/revision/342
INFO:root:2019-03-24 10:52:52.758995 :> Found link: https://launchpad.net/~leonardr
INFO:root:2019-03-24 10:52:52.758995 :> Found link: /~saschpe/beautifulsoup/beautifulsoup
INFO:root:2019-03-24 10:52:52.758995 :> Found link: https://bazaar.launchpad.net/~saschpe/beautifulsoup/beautifulsoup/revision/324
INFO:root:2019-03-24 10:52:52.758995 :> Found link: /~leonardr/beautifulsoup/reparenting
INFO:root:2019-03-24 10:52:52.758995 :> Found link: https://bazaar.launchpad.net/~leonardr/beautifulsoup/reparenting/revision/323
INFO:root:2019-03-24 10:52:52.758995 :> Found link: https://launchpad.net/~leonardr
INFO:root:2019-03-24 10:52:52.758995 :> Found link: /~mszamot-gmail/beautifulsoup/beautifulsoup
INFO:root:2019-03-24 10:52:52.758995 :> Found link: https://bazaar.launchpad.net/~mszamot-gmail/beautifulsoup/beautifulsoup/revision/307
INFO:root:2019-03-24 10:52:52.758995 :> Found link: https://launchpad.net/~mszamot-gmail
INFO:root:2019-03-24 10:52:52.758995 :> Found link: /~lmaximov/beautifulsoup/bug-682685
INFO:root:2019-03-24 10:52:52.758995 :> Found link: https://bazaar.launchpad.net/~lmaximov/beautifulsoup/bug-682685/revision/269
INFO:root:2019-03-24 10:52:52.758995 :> Found link: https://launchpad.net/~lmaximov
INFO:root:2019-03-24 10:52:52.758995 :> Found link: /bugs/682685
INFO:root:2019-03-24 10:52:52.759994 :> Found link: /~leonardr/beautifulsoup/25-compatibility
INFO:root:2019-03-24 10:52:52.759994 :> Found link: https://bazaar.launchpad.net/~leonardr/beautifulsoup/25-compatibility/revision/183
INFO:root:2019-03-24 10:52:52.759994 :> Found link: https://launchpad.net/~leonardr
INFO:root:2019-03-24 10:52:52.759994 :> Found link: /~mjumbewu/beautifulsoup/text-white-space-fix
INFO:root:2019-03-24 10:52:52.759994 :> Found link: https://bazaar.launchpad.net/~mjumbewu/beautifulsoup/text-white-space-fix/revision/45
INFO:root:2019-03-24 10:52:52.759994 :> Found link: https://launchpad.net/~mjumbewu
INFO:root:2019-03-24 10:52:52.759994 :> Found link: /~leonardr/beautifulsoup/basic-builder
INFO:root:2019-03-24 10:52:52.759994 :> Found link: https://bazaar.launchpad.net/~leonardr/beautifulsoup/basic-builder/revision/50
INFO:root:2019-03-24 10:52:52.759994 :> Found link: https://launchpad.net/~leonardr
INFO:root:2019-03-24 10:52:52.759994 :> Found link: /~alanjds/beautifulsoup/prettify-improved
INFO:root:2019-03-24 10:52:52.759994 :> Found link: https://bazaar.launchpad.net/~alanjds/beautifulsoup/prettify-improved/revision/45
INFO:root:2019-03-24 10:52:52.759994 :> Found link: /~takluyver/beautifulsoup/3k
INFO:root:2019-03-24 10:52:52.759994 :> Found link: https://bazaar.launchpad.net/~takluyver/beautifulsoup/3k/revision/5
INFO:root:2019-03-24 10:52:52.760993 :> Found link: https://launchpad.net/~takluyver
INFO:root:2019-03-24 10:52:52.760993 :> Found link: /~evanplaice/beautifulsoup/py2and3
INFO:root:2019-03-24 10:52:52.760993 :> Found link: /~felipekellermann-deactivatedaccount/beautifulsoup/felipek-571812
INFO:root:2019-03-24 10:52:52.760993 :> Found link: https://bazaar.launchpad.net/~felipekellermann-deactivatedaccount/beautifulsoup/felipek-571812/revision/42
INFO:root:2019-03-24 10:52:52.760993 :> Found link: /bugs/571812
INFO:root:2019-03-24 10:52:52.760993 :> Found link: /~jaraco/beautifulsoup/easy-installable
INFO:root:2019-03-24 10:52:52.760993 :> Found link: https://bazaar.launchpad.net/~jaraco/beautifulsoup/easy-installable/revision/30
INFO:root:2019-03-24 10:52:52.760993 :> Found link: /~vcs-imports/beautifulsoup/trunk
INFO:root:2019-03-24 10:52:52.760993 :> Found link: https://bazaar.launchpad.net/~vcs-imports/beautifulsoup/trunk/revision/54
INFO:root:2019-03-24 10:52:52.760993 :> Found link: https://launchpad.net/beautifulsoup/
INFO:root:2019-03-24 10:52:52.760993 :> Found link: /~morrita/beautifulsoup/fix410304
INFO:root:2019-03-24 10:52:52.760993 :> Found link: /~aaron-devore/beautifulsoup/bug-493722
INFO:root:2019-03-24 10:52:52.760993 :> Found link: https://bazaar.launchpad.net/~aaron-devore/beautifulsoup/bug-493722/revision/38
INFO:root:2019-03-24 10:52:52.761993 :> Found link: https://launchpad.net/~aaron-devore
INFO:root:2019-03-24 10:52:52.761993 :> Found link: /bugs/493722
INFO:root:2019-03-24 10:52:52.761993 :> Found link: /~aaron-devore/beautifulsoup/3.0
INFO:root:2019-03-24 10:52:52.761993 :> Found link: https://bazaar.launchpad.net/~aaron-devore/beautifulsoup/3.0/revision/37
INFO:root:2019-03-24 10:52:52.761993 :> Found link: https://launchpad.net/~leonardr
INFO:root:2019-03-24 10:52:52.761993 :> Found link: /~leonardr/beautifulsoup/aaron-patch
INFO:root:2019-03-24 10:52:52.761993 :> Found link: https://bazaar.launchpad.net/~leonardr/beautifulsoup/aaron-patch/revision/35
INFO:root:2019-03-24 10:52:52.761993 :> Found link: https://launchpad.net/~leonardr
INFO:root:2019-03-24 10:52:52.761993 :> Found link: /~leonardr/beautifulsoup/trunk
INFO:root:2019-03-24 10:52:52.761993 :> Found link: https://bazaar.launchpad.net/~leonardr/beautifulsoup/trunk/revision/28
INFO:root:2019-03-24 10:52:52.761993 :> Found link: https://launchpad.net/~leonardr
INFO:root:2019-03-24 10:52:52.761993 :> Found link: https://code.launchpad.net/beautifulsoup/+new-import
INFO:root:2019-03-24 10:52:52.761993 :> Found link: https://launchpad.net/
INFO:root:2019-03-24 10:52:52.762992 :> Found link: https://launchpad.net/+tour
INFO:root:2019-03-24 10:52:52.762992 :> Found link: https://help.launchpad.net/
INFO:root:2019-03-24 10:52:52.762992 :> Found link: http://canonical.com/
INFO:root:2019-03-24 10:52:52.762992 :> Found link: https://launchpad.net/legal
INFO:root:2019-03-24 10:52:52.762992 :> Found link: https://www.ubuntu.com/legal/dataprivacy
INFO:root:2019-03-24 10:52:52.762992 :> Found link: /feedback
INFO:root:2019-03-24 10:52:52.762992 :> Found link: http://blog.launchpad.net/
INFO:root:2019-03-24 10:52:52.762992 :> Found link: http://www.canonical.com/about-canonical/careers
INFO:root:2019-03-24 10:52:52.762992 :> Found link: https://twitter.com/launchpadstatus
INFO:root:2019-03-24 10:52:52.762992 :> Found link: https://dev.launchpad.net/
INFO:root:2019-03-24 10:52:52.762992 :> Link converted to https://code.launchpad.net/beautifulsoup/+git
INFO:root:2019-03-24 10:52:52.762992 :> Link converted to https://code.launchpad.net/~leonardr/beautifulsoup/bs4
INFO:root:2019-03-24 10:52:52.763992 :> Link converted to https://code.launchpad.net/~leonardr/beautifulsoup/3.2
INFO:root:2019-03-24 10:52:52.763992 :> Link converted to https://code.launchpad.net/~leonardr/beautifulsoup/3.0
INFO:root:2019-03-24 10:52:52.763992 :> Link converted to https://code.launchpad.net/~leonardr/beautifulsoup/3.0-bak
INFO:root:2019-03-24 10:52:52.763992 :> Link converted to https://code.launchpad.net/~facelessuser/beautifulsoup/quirks
INFO:root:2019-03-24 10:52:52.763992 :> Link converted to https://code.launchpad.net/~facelessuser/beautifulsoup/self-check
INFO:root:2019-03-24 10:52:52.763992 :> Link converted to https://code.launchpad.net/~marting/beautifulsoup/doc-typo
INFO:root:2019-03-24 10:52:52.763992 :> Link converted to https://code.launchpad.net/~arthur-darcet/beautifulsoup/beautifulsoup
INFO:root:2019-03-24 10:52:52.763992 :> Link converted to https://code.launchpad.net/~waker/beautifulsoup/crickfeed
INFO:root:2019-03-24 10:52:52.763992 :> Link converted to https://code.launchpad.net/~ishitah-takeshi/beautifulsoup/beautifulsoup
INFO:root:2019-03-24 10:52:52.763992 :> Link converted to https://code.launchpad.net/~dbarts/beautifulsoup/beautifulsoup
INFO:root:2019-03-24 10:52:52.763992 :> Link converted to https://code.launchpad.net/~stefanor/beautifulsoup/python3.4
INFO:root:2019-03-24 10:52:52.763992 :> Link converted to https://code.launchpad.net/bugs/1375721
INFO:root:2019-03-24 10:52:52.763992 :> Link converted to https://code.launchpad.net/~anoopvalluthadam/beautifulsoup/trunk
INFO:root:2019-03-24 10:52:52.764991 :> Link converted to https://code.launchpad.net/~mailfrancisco/beautifulsoup/beautifulsoup
INFO:root:2019-03-24 10:52:52.764991 :> Link converted to https://code.launchpad.net/~saschpe/beautifulsoup/beautifulsoup
INFO:root:2019-03-24 10:52:52.764991 :> Link converted to https://code.launchpad.net/~leonardr/beautifulsoup/reparenting
INFO:root:2019-03-24 10:52:52.764991 :> Link converted to https://code.launchpad.net/~mszamot-gmail/beautifulsoup/beautifulsoup
INFO:root:2019-03-24 10:52:52.764991 :> Link converted to https://code.launchpad.net/~lmaximov/beautifulsoup/bug-682685
INFO:root:2019-03-24 10:52:52.764991 :> Link converted to https://code.launchpad.net/bugs/682685
INFO:root:2019-03-24 10:52:52.764991 :> Link converted to https://code.launchpad.net/~leonardr/beautifulsoup/25-compatibility
INFO:root:2019-03-24 10:52:52.764991 :> Link converted to https://code.launchpad.net/~mjumbewu/beautifulsoup/text-white-space-fix
INFO:root:2019-03-24 10:52:52.764991 :> Link converted to https://code.launchpad.net/~leonardr/beautifulsoup/basic-builder
INFO:root:2019-03-24 10:52:52.764991 :> Link converted to https://code.launchpad.net/~alanjds/beautifulsoup/prettify-improved
INFO:root:2019-03-24 10:52:52.764991 :> Link converted to https://code.launchpad.net/~takluyver/beautifulsoup/3k
INFO:root:2019-03-24 10:52:52.764991 :> Link converted to https://code.launchpad.net/~evanplaice/beautifulsoup/py2and3
INFO:root:2019-03-24 10:52:52.764991 :> Link converted to https://code.launchpad.net/~felipekellermann-deactivatedaccount/beautifulsoup/felipek-571812
INFO:root:2019-03-24 10:52:52.765990 :> Link converted to https://code.launchpad.net/bugs/571812
INFO:root:2019-03-24 10:52:52.765990 :> Link converted to https://code.launchpad.net/~jaraco/beautifulsoup/easy-installable
INFO:root:2019-03-24 10:52:52.765990 :> Link converted to https://code.launchpad.net/~vcs-imports/beautifulsoup/trunk
INFO:root:2019-03-24 10:52:52.765990 :> Link converted to https://code.launchpad.net/~morrita/beautifulsoup/fix410304
INFO:root:2019-03-24 10:52:52.765990 :> Link converted to https://code.launchpad.net/~aaron-devore/beautifulsoup/bug-493722
INFO:root:2019-03-24 10:52:52.765990 :> Link converted to https://code.launchpad.net/bugs/493722
INFO:root:2019-03-24 10:52:52.765990 :> Link converted to https://code.launchpad.net/~aaron-devore/beautifulsoup/3.0
INFO:root:2019-03-24 10:52:52.765990 :> Link converted to https://code.launchpad.net/~leonardr/beautifulsoup/aaron-patch
INFO:root:2019-03-24 10:52:52.765990 :> Link converted to https://code.launchpad.net/~leonardr/beautifulsoup/trunk
INFO:root:2019-03-24 10:52:52.765990 :> Link converted to https://code.launchpad.net/feedback
INFO:root:2019-03-24 10:52:52.765990 :> Discarding internal links
INFO:root:2019-03-24 10:52:52.765990 :> Link: /beautifulsoup/+git is not a valid link, it will be deleted
INFO:root:2019-03-24 10:52:52.765990 :> Link: /~leonardr/beautifulsoup/bs4 is not a valid link, it will be deleted
INFO:root:2019-03-24 10:52:52.766990 :> Link: /~leonardr/beautifulsoup/3.2 is not a valid link, it will be deleted
INFO:root:2019-03-24 10:52:52.766990 :> Link: /~leonardr/beautifulsoup/3.0 is not a valid link, it will be deleted
INFO:root:2019-03-24 10:52:52.766990 :> Link: /~leonardr/beautifulsoup/3.0-bak is not a valid link, it will be deleted
INFO:root:2019-03-24 10:52:52.766990 :> Link: /~facelessuser/beautifulsoup/quirks is not a valid link, it will be deleted
INFO:root:2019-03-24 10:52:52.766990 :> Link: /~facelessuser/beautifulsoup/self-check is not a valid link, it will be deleted
INFO:root:2019-03-24 10:52:52.766990 :> Link: /~marting/beautifulsoup/doc-typo is not a valid link, it will be deleted
INFO:root:2019-03-24 10:52:52.766990 :> Link: /~arthur-darcet/beautifulsoup/beautifulsoup is not a valid link, it will be deleted
INFO:root:2019-03-24 10:52:52.766990 :> Link: /~waker/beautifulsoup/crickfeed is not a valid link, it will be deleted
INFO:root:2019-03-24 10:52:52.766990 :> Link: /~ishitah-takeshi/beautifulsoup/beautifulsoup is not a valid link, it will be deleted
INFO:root:2019-03-24 10:52:52.766990 :> Link: /~dbarts/beautifulsoup/beautifulsoup is not a valid link, it will be deleted
INFO:root:2019-03-24 10:52:52.766990 :> Link: /~stefanor/beautifulsoup/python3.4 is not a valid link, it will be deleted
INFO:root:2019-03-24 10:52:52.766990 :> Link: /bugs/1375721 is not a valid link, it will be deleted
INFO:root:2019-03-24 10:52:52.766990 :> Link: /~anoopvalluthadam/beautifulsoup/trunk is not a valid link, it will be deleted
INFO:root:2019-03-24 10:52:52.767989 :> Link: /~mailfrancisco/beautifulsoup/beautifulsoup is not a valid link, it will be deleted
INFO:root:2019-03-24 10:52:52.767989 :> Link: /~saschpe/beautifulsoup/beautifulsoup is not a valid link, it will be deleted
INFO:root:2019-03-24 10:52:52.767989 :> Link: /~leonardr/beautifulsoup/reparenting is not a valid link, it will be deleted
INFO:root:2019-03-24 10:52:52.767989 :> Link: /~mszamot-gmail/beautifulsoup/beautifulsoup is not a valid link, it will be deleted
INFO:root:2019-03-24 10:52:52.767989 :> Link: /~lmaximov/beautifulsoup/bug-682685 is not a valid link, it will be deleted
INFO:root:2019-03-24 10:52:52.767989 :> Link: /bugs/682685 is not a valid link, it will be deleted
INFO:root:2019-03-24 10:52:52.767989 :> Link: /~leonardr/beautifulsoup/25-compatibility is not a valid link, it will be deleted
INFO:root:2019-03-24 10:52:52.767989 :> Link: /~mjumbewu/beautifulsoup/text-white-space-fix is not a valid link, it will be deleted
INFO:root:2019-03-24 10:52:52.767989 :> Link: /~leonardr/beautifulsoup/basic-builder is not a valid link, it will be deleted
INFO:root:2019-03-24 10:52:52.767989 :> Link: /~alanjds/beautifulsoup/prettify-improved is not a valid link, it will be deleted
INFO:root:2019-03-24 10:52:52.767989 :> Link: /~takluyver/beautifulsoup/3k is not a valid link, it will be deleted
INFO:root:2019-03-24 10:52:52.767989 :> Link: /~evanplaice/beautifulsoup/py2and3 is not a valid link, it will be deleted
INFO:root:2019-03-24 10:52:52.767989 :> Link: /~felipekellermann-deactivatedaccount/beautifulsoup/felipek-571812 is not a valid link, it will be deleted
INFO:root:2019-03-24 10:52:52.767989 :> Link: /bugs/571812 is not a valid link, it will be deleted
INFO:root:2019-03-24 10:52:52.768989 :> Link: /~jaraco/beautifulsoup/easy-installable is not a valid link, it will be deleted
INFO:root:2019-03-24 10:52:52.768989 :> Link: /~vcs-imports/beautifulsoup/trunk is not a valid link, it will be deleted
INFO:root:2019-03-24 10:52:52.768989 :> Link: /~morrita/beautifulsoup/fix410304 is not a valid link, it will be deleted
INFO:root:2019-03-24 10:52:52.768989 :> Link: /~aaron-devore/beautifulsoup/bug-493722 is not a valid link, it will be deleted
INFO:root:2019-03-24 10:52:52.768989 :> Link: /bugs/493722 is not a valid link, it will be deleted
INFO:root:2019-03-24 10:52:52.768989 :> Link: /~aaron-devore/beautifulsoup/3.0 is not a valid link, it will be deleted
INFO:root:2019-03-24 10:52:52.768989 :> Link: /~leonardr/beautifulsoup/aaron-patch is not a valid link, it will be deleted
INFO:root:2019-03-24 10:52:52.768989 :> Link: /~leonardr/beautifulsoup/trunk is not a valid link, it will be deleted
INFO:root:2019-03-24 10:52:52.768989 :> Link: /feedback is not a valid link, it will be deleted
DEBUG:urllib3.connectionpool:Starting new HTTP connection (1): creativecommons.org:80
DEBUG:urllib3.connectionpool:http://creativecommons.org:80 "GET /licenses/by-sa/2.0/ HTTP/1.1" 301 None
DEBUG:urllib3.connectionpool:Starting new HTTPS connection (1): creativecommons.org:443
DEBUG:urllib3.connectionpool:https://creativecommons.org:443 "GET /licenses/by-sa/2.0/ HTTP/1.1" 200 None
INFO:root:2019-03-24 10:52:54.383144 :> Getting all the links for http://creativecommons.org/licenses/by-sa/2.0/
INFO:root:2019-03-24 10:52:54.384144 :> Found link: #content
INFO:root:2019-03-24 10:52:54.384144 :> Found link: https://creativecommons.org/
INFO:root:2019-03-24 10:52:54.384144 :> Found link: https://creativecommons.org/share-your-work/
INFO:root:2019-03-24 10:52:54.384144 :> Found link: https://creativecommons.org/use-remix/
INFO:root:2019-03-24 10:52:54.384144 :> Found link: https://creativecommons.org/about/
INFO:root:2019-03-24 10:52:54.384144 :> Found link: https://creativecommons.org/blog/
INFO:root:2019-03-24 10:52:54.385143 :> Found link: https://creativecommons.org/about/global-affiliate-network/
INFO:root:2019-03-24 10:52:54.385143 :> Found link: https://creativecommons.org/use-remix/search-the-commons/
INFO:root:2019-03-24 10:52:54.385143 :> Found link: https://creativecommons.org/share-your-work/
INFO:root:2019-03-24 10:52:54.385143 :> Found link: https://creativecommons.org/use-remix/
INFO:root:2019-03-24 10:52:54.385143 :> Found link: https://creativecommons.org/about/
INFO:root:2019-03-24 10:52:54.385143 :> Found link: https://creativecommons.org/blog/
INFO:root:2019-03-24 10:52:54.385143 :> Found link: https://creativecommons.org/about/global-affiliate-network/
INFO:root:2019-03-24 10:52:54.385143 :> Found link: https://creativecommons.org/use-remix/search-the-commons/
INFO:root:2019-03-24 10:52:54.385143 :> Found link: https://creativecommons.org/about/contact/
INFO:root:2019-03-24 10:52:54.385143 :> Found link: https://www.facebook.com/creativecommons
INFO:root:2019-03-24 10:52:54.385143 :> Found link: https://twitter.com/creativecommons
INFO:root:2019-03-24 10:52:54.385143 :> Found link: mailto:info@creativecommons.org
INFO:root:2019-03-24 10:52:54.385143 :> Found link: https://us.netdonor.net/page/6650/donate/1?ea.tracking.id=deed-top
INFO:root:2019-03-24 10:52:54.386143 :> Found link: /
INFO:root:2019-03-24 10:52:54.386143 :> Found link: legalcode
INFO:root:2019-03-24 10:52:54.386143 :> Found link: #
INFO:root:2019-03-24 10:52:54.386143 :> Found link: https://freedomdefined.org/
INFO:root:2019-03-24 10:52:54.386143 :> Found link: https://freedomdefined.org/
INFO:root:2019-03-24 10:52:54.386143 :> Found link: #
INFO:root:2019-03-24 10:52:54.386143 :> Found link: #
INFO:root:2019-03-24 10:52:54.386143 :> Found link: 
INFO:root:2019-03-24 10:52:54.386143 :> Found link: #
INFO:root:2019-03-24 10:52:54.386143 :> Found link: #
INFO:root:2019-03-24 10:52:54.386143 :> Found link: #
INFO:root:2019-03-24 10:52:54.386143 :> Found link: #
INFO:root:2019-03-24 10:52:54.387141 :> Found link: https://creativecommons.org/licenses/by-sa/4.0/
INFO:root:2019-03-24 10:52:54.387141 :> Found link: https://wiki.creativecommons.org/FAQ
INFO:root:2019-03-24 10:52:54.387141 :> Found link: /choose/results-one?license_code=by-sa&amp;jurisdiction=&amp;version=2.0&amp;lang=en
INFO:root:2019-03-24 10:52:54.387141 :> Found link: https://us.netdonor.net/page/6650/donate/1?ea.tracking.id=license-footer
INFO:root:2019-03-24 10:52:54.387141 :> Found link: ./deed.id
INFO:root:2019-03-24 10:52:54.387141 :> Found link: ./deed.ms
INFO:root:2019-03-24 10:52:54.387141 :> Found link: ./deed.es_ES
INFO:root:2019-03-24 10:52:54.387141 :> Found link: ./deed.ca
INFO:root:2019-03-24 10:52:54.387141 :> Found link: ./deed.da
INFO:root:2019-03-24 10:52:54.387141 :> Found link: ./deed.de
INFO:root:2019-03-24 10:52:54.387141 :> Found link: ./deed.en
INFO:root:2019-03-24 10:52:54.387141 :> Found link: ./deed.es
INFO:root:2019-03-24 10:52:54.387141 :> Found link: ./deed.eo
INFO:root:2019-03-24 10:52:54.388141 :> Found link: ./deed.eu
INFO:root:2019-03-24 10:52:54.388141 :> Found link: ./deed.fr
INFO:root:2019-03-24 10:52:54.388141 :> Found link: ./deed.gl
INFO:root:2019-03-24 10:52:54.388141 :> Found link: ./deed.hr
INFO:root:2019-03-24 10:52:54.388141 :> Found link: ./deed.it
INFO:root:2019-03-24 10:52:54.388141 :> Found link: ./deed.lv
INFO:root:2019-03-24 10:52:54.388141 :> Found link: ./deed.lt
INFO:root:2019-03-24 10:52:54.388141 :> Found link: ./deed.hu
INFO:root:2019-03-24 10:52:54.388141 :> Found link: ./deed.nl
INFO:root:2019-03-24 10:52:54.388141 :> Found link: ./deed.no
INFO:root:2019-03-24 10:52:54.388141 :> Found link: ./deed.pl
INFO:root:2019-03-24 10:52:54.388141 :> Found link: ./deed.pt
INFO:root:2019-03-24 10:52:54.388141 :> Found link: ./deed.pt_BR
INFO:root:2019-03-24 10:52:54.388141 :> Found link: ./deed.ro
INFO:root:2019-03-24 10:52:54.389141 :> Found link: ./deed.sl
INFO:root:2019-03-24 10:52:54.389141 :> Found link: ./deed.fi
INFO:root:2019-03-24 10:52:54.389141 :> Found link: ./deed.sv
INFO:root:2019-03-24 10:52:54.389141 :> Found link: ./deed.tr
INFO:root:2019-03-24 10:52:54.389141 :> Found link: ./deed.is
INFO:root:2019-03-24 10:52:54.389141 :> Found link: ./deed.cs
INFO:root:2019-03-24 10:52:54.389141 :> Found link: ./deed.el
INFO:root:2019-03-24 10:52:54.389141 :> Found link: ./deed.be
INFO:root:2019-03-24 10:52:54.389141 :> Found link: ./deed.uk
INFO:root:2019-03-24 10:52:54.389141 :> Found link: ./deed.ar
INFO:root:2019-03-24 10:52:54.389141 :> Found link: ./deed.fa
INFO:root:2019-03-24 10:52:54.389141 :> Found link: ./deed.bn
INFO:root:2019-03-24 10:52:54.389141 :> Found link: ./deed.zh
INFO:root:2019-03-24 10:52:54.390140 :> Found link: ./deed.ja
INFO:root:2019-03-24 10:52:54.390140 :> Found link: ./deed.zh_TW
INFO:root:2019-03-24 10:52:54.390140 :> Found link: ./deed.ko
INFO:root:2019-03-24 10:52:54.390140 :> Found link: https://creativecommons.org/
INFO:root:2019-03-24 10:52:54.390140 :> Found link: https://creativecommons.org/about/contact/
INFO:root:2019-03-24 10:52:54.390140 :> Found link: https://creativecommons.org/privacy/
INFO:root:2019-03-24 10:52:54.390140 :> Found link: https://creativecommons.org/policies/
INFO:root:2019-03-24 10:52:54.390140 :> Found link: https://creativecommons.org/terms/
INFO:root:2019-03-24 10:52:54.390140 :> Found link: https://creativecommons.org/about/contact
INFO:root:2019-03-24 10:52:54.390140 :> Found link: mailto:info@creativecommons.org
INFO:root:2019-03-24 10:52:54.390140 :> Found link: https://creativecommons.org/faq
INFO:root:2019-03-24 10:52:54.390140 :> Found link: https://creativecommons.org/licenses/by/4.0/
INFO:root:2019-03-24 10:52:54.390140 :> Found link: https://creativecommons.org/policies#license
INFO:root:2019-03-24 10:52:54.391140 :> Found link: https://creativecommons.org/licenses/by/4.0/
INFO:root:2019-03-24 10:52:54.391140 :> Found link: https://creativecommons.org/website-icons
INFO:root:2019-03-24 10:52:54.391140 :> Found link: https://wiki.creativecommons.org/Intergovernmental_Organizations#What_should_I_know_before_I_use_a_work_licensed_under_the_IGO_3.0_ported_licenses.3F
INFO:root:2019-03-24 10:52:54.391140 :> Found link: https://wiki.creativecommons.org/License_Versions#Detailed_attribution_comparison_chart
INFO:root:2019-03-24 10:52:54.391140 :> Found link: https://wiki.creativecommons.org/Best_practices_for_attribution#This_is_a_good_attribution_for_material_you_modified_slightly
INFO:root:2019-03-24 10:52:54.391140 :> Found link: https://wiki.creativecommons.org/License_Versions#Modifications_and_adaptations_must_be_marked_as_such 
INFO:root:2019-03-24 10:52:54.391140 :> Found link: https://creativecommons.org/compatiblelicenses
INFO:root:2019-03-24 10:52:54.391140 :> Found link: https://wiki.creativecommons.org/FAQ#If_I_derive_or_adapt_material_offered_under_a_Creative_Commons_license.2C_which_CC_license.28s.29_can_I_use.3F
INFO:root:2019-03-24 10:52:54.391140 :> Found link: https://wiki.creativecommons.org/Frequently_Asked_Questions#Does_my_use_violate_the_NonCommercial_clause_of_the_licenses.3F
INFO:root:2019-03-24 10:52:54.391140 :> Found link: https://wiki.creativecommons.org/Frequently_Asked_Questions#When_is_my_use_considered_an_adaptation.3F
INFO:root:2019-03-24 10:52:54.391140 :> Found link: https://wiki.creativecommons.org/License_Versions#Application_of_effective_technological_measures_by_users_of_CC-licensed_works_prohibited
INFO:root:2019-03-24 10:52:54.391140 :> Found link: https://wiki.creativecommons.org/Frequently_Asked_Questions#Do_Creative_Commons_licenses_affect_exceptions_and_limitations_to_copyright.2C_such_as_fair_dealing_and_fair_use.3F
INFO:root:2019-03-24 10:52:54.391140 :> Found link: https://wiki.creativecommons.org/Considerations_for_licensors_and_licensees
INFO:root:2019-03-24 10:52:54.392139 :> Didnt find a value for zero char
INFO:root:2019-03-24 10:52:54.392139 :> Link converted to http://creativecommons.org/
INFO:root:2019-03-24 10:52:54.392139 :> Link converted to http://creativecommons.org/choose/results-one?license_code=by-sa&amp;jurisdiction=&amp;version=2.0&amp;lang=en
INFO:root:2019-03-24 10:52:54.392139 :> Discarding internal links
INFO:root:2019-03-24 10:52:54.392139 :> Link: mailto:info@creativecommons.org is not a valid link, it will be deleted
INFO:root:2019-03-24 10:52:54.392139 :> Link: / is not a valid link, it will be deleted
INFO:root:2019-03-24 10:52:54.392139 :> Link: legalcode is not a valid link, it will be deleted
INFO:root:2019-03-24 10:52:54.392139 :> Link: /choose/results-one?license_code=by-sa&amp;jurisdiction=&amp;version=2.0&amp;lang=en is not a valid link, it will be deleted
INFO:root:2019-03-24 10:52:54.392139 :> Link: ./deed.id is not a valid link, it will be deleted
INFO:root:2019-03-24 10:52:54.392139 :> Link: ./deed.ms is not a valid link, it will be deleted
INFO:root:2019-03-24 10:52:54.392139 :> Link: ./deed.es_ES is not a valid link, it will be deleted
INFO:root:2019-03-24 10:52:54.392139 :> Link: ./deed.ca is not a valid link, it will be deleted
INFO:root:2019-03-24 10:52:54.393138 :> Link: ./deed.da is not a valid link, it will be deleted
INFO:root:2019-03-24 10:52:54.393138 :> Link: ./deed.de is not a valid link, it will be deleted
INFO:root:2019-03-24 10:52:54.393138 :> Link: ./deed.en is not a valid link, it will be deleted
INFO:root:2019-03-24 10:52:54.393138 :> Link: ./deed.es is not a valid link, it will be deleted
INFO:root:2019-03-24 10:52:54.393138 :> Link: ./deed.eo is not a valid link, it will be deleted
INFO:root:2019-03-24 10:52:54.393138 :> Link: ./deed.eu is not a valid link, it will be deleted
INFO:root:2019-03-24 10:52:54.393138 :> Link: ./deed.fr is not a valid link, it will be deleted
INFO:root:2019-03-24 10:52:54.393138 :> Link: ./deed.gl is not a valid link, it will be deleted
INFO:root:2019-03-24 10:52:54.393138 :> Link: ./deed.hr is not a valid link, it will be deleted
INFO:root:2019-03-24 10:52:54.393138 :> Link: ./deed.it is not a valid link, it will be deleted
INFO:root:2019-03-24 10:52:54.393138 :> Link: ./deed.lv is not a valid link, it will be deleted
INFO:root:2019-03-24 10:52:54.393138 :> Link: ./deed.lt is not a valid link, it will be deleted
INFO:root:2019-03-24 10:52:54.393138 :> Link: ./deed.hu is not a valid link, it will be deleted
INFO:root:2019-03-24 10:52:54.394138 :> Link: ./deed.nl is not a valid link, it will be deleted
INFO:root:2019-03-24 10:52:54.394138 :> Link: ./deed.no is not a valid link, it will be deleted
INFO:root:2019-03-24 10:52:54.394138 :> Link: ./deed.pl is not a valid link, it will be deleted
INFO:root:2019-03-24 10:52:54.394138 :> Link: ./deed.pt is not a valid link, it will be deleted
INFO:root:2019-03-24 10:52:54.394138 :> Link: ./deed.pt_BR is not a valid link, it will be deleted
INFO:root:2019-03-24 10:52:54.394138 :> Link: ./deed.ro is not a valid link, it will be deleted
INFO:root:2019-03-24 10:52:54.394138 :> Link: ./deed.sl is not a valid link, it will be deleted
INFO:root:2019-03-24 10:52:54.394138 :> Link: ./deed.fi is not a valid link, it will be deleted
INFO:root:2019-03-24 10:52:54.394138 :> Link: ./deed.sv is not a valid link, it will be deleted
INFO:root:2019-03-24 10:52:54.394138 :> Link: ./deed.tr is not a valid link, it will be deleted
INFO:root:2019-03-24 10:52:54.394138 :> Link: ./deed.is is not a valid link, it will be deleted
INFO:root:2019-03-24 10:52:54.394138 :> Link: ./deed.cs is not a valid link, it will be deleted
INFO:root:2019-03-24 10:52:54.394138 :> Link: ./deed.el is not a valid link, it will be deleted
INFO:root:2019-03-24 10:52:54.394138 :> Link: ./deed.be is not a valid link, it will be deleted
INFO:root:2019-03-24 10:52:54.395137 :> Link: ./deed.uk is not a valid link, it will be deleted
INFO:root:2019-03-24 10:52:54.395137 :> Link: ./deed.ar is not a valid link, it will be deleted
INFO:root:2019-03-24 10:52:54.395137 :> Link: ./deed.fa is not a valid link, it will be deleted
INFO:root:2019-03-24 10:52:54.395137 :> Link: ./deed.bn is not a valid link, it will be deleted
INFO:root:2019-03-24 10:52:54.395137 :> Link: ./deed.zh is not a valid link, it will be deleted
INFO:root:2019-03-24 10:52:54.395137 :> Link: ./deed.ja is not a valid link, it will be deleted
INFO:root:2019-03-24 10:52:54.395137 :> Link: ./deed.zh_TW is not a valid link, it will be deleted
INFO:root:2019-03-24 10:52:54.395137 :> Link: ./deed.ko is not a valid link, it will be deleted
INFO:root:2019-03-24 10:52:54.395137 :> Link: mailto:info@creativecommons.org is not a valid link, it will be deleted
